Analysis & Synthesis report for counter
Wed Jun 14 01:54:08 2023
Quartus II 64-Bit Version 13.0.1 Build 232 06/12/2013 Service Pack 1 SJ Web Edition


---------------------
; Table of Contents ;
---------------------
  1. Legal Notice
  2. Analysis & Synthesis Summary
  3. Analysis & Synthesis Settings
  4. Parallel Compilation
  5. Analysis & Synthesis Source Files Read
  6. Analysis & Synthesis Resource Usage Summary
  7. Analysis & Synthesis Resource Utilization by Entity
  8. General Register Statistics
  9. Parameter Settings for User Entity Instance: divide_freq:divfrq|counter_wload_6:div
 10. Parameter Settings for User Entity Instance: divide_freq:divfrq|counter_wload_6:div|mux_2x1_6:mux06
 11. Parameter Settings for User Entity Instance: divide_freq:divfrq|counter_wload_6:div|reg_ff_d_6bits:bit_register_6
 12. Parameter Settings for User Entity Instance: divide_freq:divfrq|counter_wload_6:div|incrementer6:adder06
 13. Parameter Settings for User Entity Instance: divide_freq:divfrq|counter_wload_6:div|comparator_6:comp06
 14. Parameter Settings for User Entity Instance: counter:counter0|counter_wload_6:seconds
 15. Parameter Settings for User Entity Instance: counter:counter0|counter_wload_6:seconds|mux_2x1_6:mux06
 16. Parameter Settings for User Entity Instance: counter:counter0|counter_wload_6:seconds|reg_ff_d_6bits:bit_register_6
 17. Parameter Settings for User Entity Instance: counter:counter0|counter_wload_6:seconds|incrementer6:adder06
 18. Parameter Settings for User Entity Instance: counter:counter0|counter_wload_6:seconds|comparator_6:comp06
 19. Parameter Settings for User Entity Instance: counter:counter0|counter_min_6:minutes
 20. Parameter Settings for User Entity Instance: counter:counter0|counter_min_6:minutes|mux_2x1_6:mux06
 21. Parameter Settings for User Entity Instance: counter:counter0|counter_min_6:minutes|reg_ff_d_6bits:bit_register_6
 22. Parameter Settings for User Entity Instance: counter:counter0|counter_min_6:minutes|incrementer6:adder06
 23. Parameter Settings for User Entity Instance: counter:counter0|counter_min_6:minutes|comparator_6:comp06
 24. Parameter Settings for User Entity Instance: counter:counter0|counter_hours_5:hours
 25. Parameter Settings for User Entity Instance: counter:counter0|counter_hours_5:hours|mux_2x1_5:mux0
 26. Parameter Settings for User Entity Instance: counter:counter0|counter_hours_5:hours|reg_ff_d_5bits:register_5
 27. Parameter Settings for User Entity Instance: counter:counter0|counter_hours_5:hours|incrementer5:adder0
 28. Parameter Settings for User Entity Instance: counter:counter0|counter_hours_5:hours|incrementer5:adder0|half_adder5:adder0
 29. Parameter Settings for User Entity Instance: counter:counter0|counter_hours_5:hours|incrementer5:adder0|half_adder5:adder1
 30. Parameter Settings for User Entity Instance: counter:counter0|counter_hours_5:hours|incrementer5:adder0|half_adder5:adder2
 31. Parameter Settings for User Entity Instance: counter:counter0|counter_hours_5:hours|incrementer5:adder0|half_adder5:adder3
 32. Parameter Settings for User Entity Instance: counter:counter0|counter_hours_5:hours|incrementer5:adder0|half_adder5:adder4
 33. Parameter Settings for User Entity Instance: counter:counter0|counter_hours_5:hours|comparator_5:comp0
 34. Parameter Settings for User Entity Instance: counter:counter0|counter_days_5:days
 35. Parameter Settings for User Entity Instance: counter:counter0|counter_days_5:days|mux_2x1_5:mux0
 36. Parameter Settings for User Entity Instance: counter:counter0|counter_days_5:days|reg_ff_d_5bits:bit_register_5
 37. Parameter Settings for User Entity Instance: counter:counter0|counter_days_5:days|incrementer5:adder0
 38. Parameter Settings for User Entity Instance: counter:counter0|counter_days_5:days|incrementer5:adder0|half_adder5:adder0
 39. Parameter Settings for User Entity Instance: counter:counter0|counter_days_5:days|incrementer5:adder0|half_adder5:adder1
 40. Parameter Settings for User Entity Instance: counter:counter0|counter_days_5:days|incrementer5:adder0|half_adder5:adder2
 41. Parameter Settings for User Entity Instance: counter:counter0|counter_days_5:days|incrementer5:adder0|half_adder5:adder3
 42. Parameter Settings for User Entity Instance: counter:counter0|counter_days_5:days|incrementer5:adder0|half_adder5:adder4
 43. Parameter Settings for User Entity Instance: counter:counter0|counter_days_5:days|comparator_5:comp0
 44. Port Connectivity Checks: "counter:counter0|counter_days_5:days|comparator_5:comp0"
 45. Port Connectivity Checks: "counter:counter0|counter_days_5:days|reg_ff_d_5bits:bit_register_5"
 46. Port Connectivity Checks: "counter:counter0|counter_hours_5:hours|comparator_5:comp0"
 47. Port Connectivity Checks: "counter:counter0|counter_hours_5:hours|incrementer5:adder0|half_adder5:adder4"
 48. Port Connectivity Checks: "counter:counter0|counter_hours_5:hours|reg_ff_d_5bits:register_5"
 49. Port Connectivity Checks: "counter:counter0|counter_min_6:minutes|comparator_6:comp06"
 50. Port Connectivity Checks: "counter:counter0|counter_min_6:minutes|reg_ff_d_6bits:bit_register_6"
 51. Port Connectivity Checks: "counter:counter0"
 52. Port Connectivity Checks: "divide_freq:divfrq|counter_wload_6:div|comparator_6:comp06"
 53. Port Connectivity Checks: "divide_freq:divfrq|counter_wload_6:div|incrementer6:adder06|half_adder_6:adder5"
 54. Port Connectivity Checks: "divide_freq:divfrq|counter_wload_6:div|incrementer6:adder06"
 55. Port Connectivity Checks: "divide_freq:divfrq|counter_wload_6:div|reg_ff_d_6bits:bit_register_6"
 56. Port Connectivity Checks: "divide_freq:divfrq|counter_wload_6:div"
 57. Elapsed Time Per Partition
 58. Analysis & Synthesis Messages



----------------
; Legal Notice ;
----------------
Copyright (C) 1991-2013 Altera Corporation
Your use of Altera Corporation's design tools, logic functions 
and other software and tools, and its AMPP partner logic 
functions, and any output files from any of the foregoing 
(including device programming or simulation files), and any 
associated documentation or information are expressly subject 
to the terms and conditions of the Altera Program License 
Subscription Agreement, Altera MegaCore Function License 
Agreement, or other applicable license agreement, including, 
without limitation, that your use is for the sole purpose of 
programming logic devices manufactured by Altera and sold by 
Altera or its authorized distributors.  Please refer to the 
applicable agreement for further details.



+--------------------------------------------------------------------------------------+
; Analysis & Synthesis Summary                                                         ;
+------------------------------------+-------------------------------------------------+
; Analysis & Synthesis Status        ; Successful - Wed Jun 14 01:54:08 2023           ;
; Quartus II 64-Bit Version          ; 13.0.1 Build 232 06/12/2013 SP 1 SJ Web Edition ;
; Revision Name                      ; counter                                         ;
; Top-level Entity Name              ; timer                                           ;
; Family                             ; Cyclone II                                      ;
; Total logic elements               ; 62                                              ;
;     Total combinational functions  ; 62                                              ;
;     Dedicated logic registers      ; 28                                              ;
; Total registers                    ; 28                                              ;
; Total pins                         ; 25                                              ;
; Total virtual pins                 ; 0                                               ;
; Total memory bits                  ; 0                                               ;
; Embedded Multiplier 9-bit elements ; 0                                               ;
; Total PLLs                         ; 0                                               ;
+------------------------------------+-------------------------------------------------+


+----------------------------------------------------------------------------------------------------------------------+
; Analysis & Synthesis Settings                                                                                        ;
+----------------------------------------------------------------------------+--------------------+--------------------+
; Option                                                                     ; Setting            ; Default Value      ;
+----------------------------------------------------------------------------+--------------------+--------------------+
; Device                                                                     ; EP2C35F672C6       ;                    ;
; Top-level entity name                                                      ; timer              ; counter            ;
; Family name                                                                ; Cyclone II         ; Cyclone IV GX      ;
; Use smart compilation                                                      ; Off                ; Off                ;
; Enable parallel Assembler and TimeQuest Timing Analyzer during compilation ; On                 ; On                 ;
; Enable compact report table                                                ; Off                ; Off                ;
; Restructure Multiplexers                                                   ; Auto               ; Auto               ;
; Create Debugging Nodes for IP Cores                                        ; Off                ; Off                ;
; Preserve fewer node names                                                  ; On                 ; On                 ;
; Disable OpenCore Plus hardware evaluation                                  ; Off                ; Off                ;
; Verilog Version                                                            ; Verilog_2001       ; Verilog_2001       ;
; VHDL Version                                                               ; VHDL_1993          ; VHDL_1993          ;
; State Machine Processing                                                   ; Auto               ; Auto               ;
; Safe State Machine                                                         ; Off                ; Off                ;
; Extract Verilog State Machines                                             ; On                 ; On                 ;
; Extract VHDL State Machines                                                ; On                 ; On                 ;
; Ignore Verilog initial constructs                                          ; Off                ; Off                ;
; Iteration limit for constant Verilog loops                                 ; 5000               ; 5000               ;
; Iteration limit for non-constant Verilog loops                             ; 250                ; 250                ;
; Add Pass-Through Logic to Inferred RAMs                                    ; On                 ; On                 ;
; Infer RAMs from Raw Logic                                                  ; On                 ; On                 ;
; Parallel Synthesis                                                         ; On                 ; On                 ;
; DSP Block Balancing                                                        ; Auto               ; Auto               ;
; NOT Gate Push-Back                                                         ; On                 ; On                 ;
; Power-Up Don't Care                                                        ; On                 ; On                 ;
; Remove Redundant Logic Cells                                               ; Off                ; Off                ;
; Remove Duplicate Registers                                                 ; On                 ; On                 ;
; Ignore CARRY Buffers                                                       ; Off                ; Off                ;
; Ignore CASCADE Buffers                                                     ; Off                ; Off                ;
; Ignore GLOBAL Buffers                                                      ; Off                ; Off                ;
; Ignore ROW GLOBAL Buffers                                                  ; Off                ; Off                ;
; Ignore LCELL Buffers                                                       ; Off                ; Off                ;
; Ignore SOFT Buffers                                                        ; On                 ; On                 ;
; Limit AHDL Integers to 32 Bits                                             ; Off                ; Off                ;
; Optimization Technique                                                     ; Balanced           ; Balanced           ;
; Carry Chain Length                                                         ; 70                 ; 70                 ;
; Auto Carry Chains                                                          ; On                 ; On                 ;
; Auto Open-Drain Pins                                                       ; On                 ; On                 ;
; Perform WYSIWYG Primitive Resynthesis                                      ; Off                ; Off                ;
; Auto ROM Replacement                                                       ; On                 ; On                 ;
; Auto RAM Replacement                                                       ; On                 ; On                 ;
; Auto Shift Register Replacement                                            ; Auto               ; Auto               ;
; Allow Shift Register Merging across Hierarchies                            ; Auto               ; Auto               ;
; Auto Clock Enable Replacement                                              ; On                 ; On                 ;
; Strict RAM Replacement                                                     ; Off                ; Off                ;
; Allow Synchronous Control Signals                                          ; On                 ; On                 ;
; Force Use of Synchronous Clear Signals                                     ; Off                ; Off                ;
; Auto RAM to Logic Cell Conversion                                          ; Off                ; Off                ;
; Auto Resource Sharing                                                      ; Off                ; Off                ;
; Allow Any RAM Size For Recognition                                         ; Off                ; Off                ;
; Allow Any ROM Size For Recognition                                         ; Off                ; Off                ;
; Allow Any Shift Register Size For Recognition                              ; Off                ; Off                ;
; Use LogicLock Constraints during Resource Balancing                        ; On                 ; On                 ;
; Ignore translate_off and synthesis_off directives                          ; Off                ; Off                ;
; Timing-Driven Synthesis                                                    ; Off                ; Off                ;
; Report Parameter Settings                                                  ; On                 ; On                 ;
; Report Source Assignments                                                  ; On                 ; On                 ;
; Report Connectivity Checks                                                 ; On                 ; On                 ;
; Ignore Maximum Fan-Out Assignments                                         ; Off                ; Off                ;
; Synchronization Register Chain Length                                      ; 2                  ; 2                  ;
; PowerPlay Power Optimization                                               ; Normal compilation ; Normal compilation ;
; HDL message level                                                          ; Level2             ; Level2             ;
; Suppress Register Optimization Related Messages                            ; Off                ; Off                ;
; Number of Removed Registers Reported in Synthesis Report                   ; 5000               ; 5000               ;
; Number of Swept Nodes Reported in Synthesis Report                         ; 5000               ; 5000               ;
; Number of Inverted Registers Reported in Synthesis Report                  ; 100                ; 100                ;
; Clock MUX Protection                                                       ; On                 ; On                 ;
; Auto Gated Clock Conversion                                                ; Off                ; Off                ;
; Block Design Naming                                                        ; Auto               ; Auto               ;
; SDC constraint protection                                                  ; Off                ; Off                ;
; Synthesis Effort                                                           ; Auto               ; Auto               ;
; Shift Register Replacement - Allow Asynchronous Clear Signal               ; On                 ; On                 ;
; Pre-Mapping Resynthesis Optimization                                       ; Off                ; Off                ;
; Analysis & Synthesis Message Level                                         ; Medium             ; Medium             ;
; Disable Register Merging Across Hierarchies                                ; Auto               ; Auto               ;
; Resource Aware Inference For Block RAM                                     ; On                 ; On                 ;
; Synthesis Seed                                                             ; 1                  ; 1                  ;
+----------------------------------------------------------------------------+--------------------+--------------------+


Parallel compilation was disabled, but you have multiple processors available. Enable parallel compilation to reduce compilation time.
+-------------------------------------+
; Parallel Compilation                ;
+----------------------------+--------+
; Processors                 ; Number ;
+----------------------------+--------+
; Number detected on machine ; 12     ;
; Maximum allowed            ; 1      ;
+----------------------------+--------+


+--------------------------------------------------------------------------------------------------------------------------------------------+
; Analysis & Synthesis Source Files Read                                                                                                     ;
+----------------------------------+-----------------+-----------------+-----------------------------------------------------------+---------+
; File Name with User-Entered Path ; Used in Netlist ; File Type       ; File Name with Absolute Path                              ; Library ;
+----------------------------------+-----------------+-----------------+-----------------------------------------------------------+---------+
; counter.vhd                      ; yes             ; User VHDL File  ; C:/altera/13.0sp1/Projeto_RTL/Counter/counter.vhd         ;         ;
; ciomparator_5.vhd                ; yes             ; User VHDL File  ; C:/altera/13.0sp1/Projeto_RTL/Counter/ciomparator_5.vhd   ;         ;
; ff_d.vhd                         ; yes             ; User VHDL File  ; C:/altera/13.0sp1/Projeto_RTL/Counter/ff_d.vhd            ;         ;
; half_adder5.vhd                  ; yes             ; User VHDL File  ; C:/altera/13.0sp1/Projeto_RTL/Counter/half_adder5.vhd     ;         ;
; incrementer5.vhd                 ; yes             ; User VHDL File  ; C:/altera/13.0sp1/Projeto_RTL/Counter/incrementer5.vhd    ;         ;
; mux_2x1_5.vhd                    ; yes             ; User VHDL File  ; C:/altera/13.0sp1/Projeto_RTL/Counter/mux_2x1_5.vhd       ;         ;
; mux_2x1.vhd                      ; yes             ; User VHDL File  ; C:/altera/13.0sp1/Projeto_RTL/Counter/mux_2x1.vhd         ;         ;
; reg_ff_d_5bits.vhd               ; yes             ; User VHDL File  ; C:/altera/13.0sp1/Projeto_RTL/Counter/reg_ff_d_5bits.vhd  ;         ;
; counter_hours_5.vhd              ; yes             ; User VHDL File  ; C:/altera/13.0sp1/Projeto_RTL/Counter/counter_hours_5.vhd ;         ;
; counter_days_5.vhd               ; yes             ; User VHDL File  ; C:/altera/13.0sp1/Projeto_RTL/Counter/counter_days_5.vhd  ;         ;
; comparator_6.vhd                 ; yes             ; User VHDL File  ; C:/altera/13.0sp1/Projeto_RTL/Counter/comparator_6.vhd    ;         ;
; counter_wload_6.vhd              ; yes             ; User VHDL File  ; C:/altera/13.0sp1/Projeto_RTL/Counter/counter_wload_6.vhd ;         ;
; half_adder_6.vhd                 ; yes             ; User VHDL File  ; C:/altera/13.0sp1/Projeto_RTL/Counter/half_adder_6.vhd    ;         ;
; incrementer_6.vhd                ; yes             ; User VHDL File  ; C:/altera/13.0sp1/Projeto_RTL/Counter/incrementer_6.vhd   ;         ;
; mux_2x1_6.vhd                    ; yes             ; User VHDL File  ; C:/altera/13.0sp1/Projeto_RTL/Counter/mux_2x1_6.vhd       ;         ;
; reg_6.vhd                        ; yes             ; User VHDL File  ; C:/altera/13.0sp1/Projeto_RTL/Counter/reg_6.vhd           ;         ;
; counter_min_6.vhd                ; yes             ; User VHDL File  ; C:/altera/13.0sp1/Projeto_RTL/Counter/counter_min_6.vhd   ;         ;
; divide_freq.vhd                  ; yes             ; User VHDL File  ; C:/altera/13.0sp1/Projeto_RTL/Counter/divide_freq.vhd     ;         ;
; timer.vhd                        ; yes             ; User VHDL File  ; C:/altera/13.0sp1/Projeto_RTL/Counter/timer.vhd           ;         ;
+----------------------------------+-----------------+-----------------+-----------------------------------------------------------+---------+


+-------------------------------------------------------------------------------------------------------------+
; Analysis & Synthesis Resource Usage Summary                                                                 ;
+---------------------------------------------+---------------------------------------------------------------+
; Resource                                    ; Usage                                                         ;
+---------------------------------------------+---------------------------------------------------------------+
; Estimated Total logic elements              ; 62                                                            ;
;                                             ;                                                               ;
; Total combinational functions               ; 62                                                            ;
; Logic element usage by number of LUT inputs ;                                                               ;
;     -- 4 input functions                    ; 41                                                            ;
;     -- 3 input functions                    ; 11                                                            ;
;     -- <=2 input functions                  ; 10                                                            ;
;                                             ;                                                               ;
; Logic elements by mode                      ;                                                               ;
;     -- normal mode                          ; 62                                                            ;
;     -- arithmetic mode                      ; 0                                                             ;
;                                             ;                                                               ;
; Total registers                             ; 28                                                            ;
;     -- Dedicated logic registers            ; 28                                                            ;
;     -- I/O registers                        ; 0                                                             ;
;                                             ;                                                               ;
; I/O pins                                    ; 25                                                            ;
; Embedded Multiplier 9-bit elements          ; 0                                                             ;
; Maximum fan-out node                        ; divide_freq:divfrq|counter_wload_6:div|comparator_6:comp06|eq ;
; Maximum fan-out                             ; 28                                                            ;
; Total fan-out                               ; 301                                                           ;
; Average fan-out                             ; 2.62                                                          ;
+---------------------------------------------+---------------------------------------------------------------+


+----------------------------------------------------------------------------------------------------------------------------------------------------------------------------------------------------------------------------------------------------------------+
; Analysis & Synthesis Resource Utilization by Entity                                                                                                                                                                                                            ;
+------------------------------------------+-------------------+--------------+-------------+--------------+---------+-----------+------+--------------+------------------------------------------------------------------------------------------+--------------+
; Compilation Hierarchy Node               ; LC Combinationals ; LC Registers ; Memory Bits ; DSP Elements ; DSP 9x9 ; DSP 18x18 ; Pins ; Virtual Pins ; Full Hierarchy Name                                                                      ; Library Name ;
+------------------------------------------+-------------------+--------------+-------------+--------------+---------+-----------+------+--------------+------------------------------------------------------------------------------------------+--------------+
; |timer                                   ; 62 (0)            ; 28 (0)       ; 0           ; 0            ; 0       ; 0         ; 25   ; 0            ; |timer                                                                                   ; work         ;
;    |counter:counter0|                    ; 53 (0)            ; 22 (0)       ; 0           ; 0            ; 0       ; 0         ; 0    ; 0            ; |timer|counter:counter0                                                                  ; work         ;
;       |counter_days_5:days|              ; 12 (0)            ; 5 (0)        ; 0           ; 0            ; 0       ; 0         ; 0    ; 0            ; |timer|counter:counter0|counter_days_5:days                                              ; work         ;
;          |comparator_5:comp0|            ; 2 (2)             ; 0 (0)        ; 0           ; 0            ; 0       ; 0         ; 0    ; 0            ; |timer|counter:counter0|counter_days_5:days|comparator_5:comp0                           ; work         ;
;          |incrementer5:adder0|           ; 2 (0)             ; 0 (0)        ; 0           ; 0            ; 0       ; 0         ; 0    ; 0            ; |timer|counter:counter0|counter_days_5:days|incrementer5:adder0                          ; work         ;
;             |half_adder5:adder1|         ; 2 (2)             ; 0 (0)        ; 0           ; 0            ; 0       ; 0         ; 0    ; 0            ; |timer|counter:counter0|counter_days_5:days|incrementer5:adder0|half_adder5:adder1       ; work         ;
;          |reg_ff_d_5bits:bit_register_5| ; 8 (0)             ; 5 (0)        ; 0           ; 0            ; 0       ; 0         ; 0    ; 0            ; |timer|counter:counter0|counter_days_5:days|reg_ff_d_5bits:bit_register_5                ; work         ;
;             |ff_d:inst0|                 ; 1 (1)             ; 1 (1)        ; 0           ; 0            ; 0       ; 0         ; 0    ; 0            ; |timer|counter:counter0|counter_days_5:days|reg_ff_d_5bits:bit_register_5|ff_d:inst0     ; work         ;
;             |ff_d:inst1|                 ; 1 (1)             ; 1 (1)        ; 0           ; 0            ; 0       ; 0         ; 0    ; 0            ; |timer|counter:counter0|counter_days_5:days|reg_ff_d_5bits:bit_register_5|ff_d:inst1     ; work         ;
;             |ff_d:inst2|                 ; 1 (1)             ; 1 (1)        ; 0           ; 0            ; 0       ; 0         ; 0    ; 0            ; |timer|counter:counter0|counter_days_5:days|reg_ff_d_5bits:bit_register_5|ff_d:inst2     ; work         ;
;             |ff_d:inst3|                 ; 1 (1)             ; 1 (1)        ; 0           ; 0            ; 0       ; 0         ; 0    ; 0            ; |timer|counter:counter0|counter_days_5:days|reg_ff_d_5bits:bit_register_5|ff_d:inst3     ; work         ;
;             |ff_d:inst4|                 ; 4 (4)             ; 1 (1)        ; 0           ; 0            ; 0       ; 0         ; 0    ; 0            ; |timer|counter:counter0|counter_days_5:days|reg_ff_d_5bits:bit_register_5|ff_d:inst4     ; work         ;
;       |counter_hours_5:hours|            ; 13 (0)            ; 5 (0)        ; 0           ; 0            ; 0       ; 0         ; 0    ; 0            ; |timer|counter:counter0|counter_hours_5:hours                                            ; work         ;
;          |comparator_5:comp0|            ; 2 (2)             ; 0 (0)        ; 0           ; 0            ; 0       ; 0         ; 0    ; 0            ; |timer|counter:counter0|counter_hours_5:hours|comparator_5:comp0                         ; work         ;
;          |incrementer5:adder0|           ; 3 (0)             ; 0 (0)        ; 0           ; 0            ; 0       ; 0         ; 0    ; 0            ; |timer|counter:counter0|counter_hours_5:hours|incrementer5:adder0                        ; work         ;
;             |half_adder5:adder1|         ; 3 (3)             ; 0 (0)        ; 0           ; 0            ; 0       ; 0         ; 0    ; 0            ; |timer|counter:counter0|counter_hours_5:hours|incrementer5:adder0|half_adder5:adder1     ; work         ;
;          |reg_ff_d_5bits:register_5|     ; 8 (0)             ; 5 (0)        ; 0           ; 0            ; 0       ; 0         ; 0    ; 0            ; |timer|counter:counter0|counter_hours_5:hours|reg_ff_d_5bits:register_5                  ; work         ;
;             |ff_d:inst0|                 ; 1 (1)             ; 1 (1)        ; 0           ; 0            ; 0       ; 0         ; 0    ; 0            ; |timer|counter:counter0|counter_hours_5:hours|reg_ff_d_5bits:register_5|ff_d:inst0       ; work         ;
;             |ff_d:inst1|                 ; 1 (1)             ; 1 (1)        ; 0           ; 0            ; 0       ; 0         ; 0    ; 0            ; |timer|counter:counter0|counter_hours_5:hours|reg_ff_d_5bits:register_5|ff_d:inst1       ; work         ;
;             |ff_d:inst2|                 ; 1 (1)             ; 1 (1)        ; 0           ; 0            ; 0       ; 0         ; 0    ; 0            ; |timer|counter:counter0|counter_hours_5:hours|reg_ff_d_5bits:register_5|ff_d:inst2       ; work         ;
;             |ff_d:inst3|                 ; 1 (1)             ; 1 (1)        ; 0           ; 0            ; 0       ; 0         ; 0    ; 0            ; |timer|counter:counter0|counter_hours_5:hours|reg_ff_d_5bits:register_5|ff_d:inst3       ; work         ;
;             |ff_d:inst4|                 ; 4 (4)             ; 1 (1)        ; 0           ; 0            ; 0       ; 0         ; 0    ; 0            ; |timer|counter:counter0|counter_hours_5:hours|reg_ff_d_5bits:register_5|ff_d:inst4       ; work         ;
;       |counter_min_6:minutes|            ; 16 (0)            ; 6 (0)        ; 0           ; 0            ; 0       ; 0         ; 0    ; 0            ; |timer|counter:counter0|counter_min_6:minutes                                            ; work         ;
;          |comparator_6:comp06|           ; 2 (2)             ; 0 (0)        ; 0           ; 0            ; 0       ; 0         ; 0    ; 0            ; |timer|counter:counter0|counter_min_6:minutes|comparator_6:comp06                        ; work         ;
;          |incrementer6:adder06|          ; 3 (0)             ; 0 (0)        ; 0           ; 0            ; 0       ; 0         ; 0    ; 0            ; |timer|counter:counter0|counter_min_6:minutes|incrementer6:adder06                       ; work         ;
;             |half_adder_6:adder1|        ; 3 (3)             ; 0 (0)        ; 0           ; 0            ; 0       ; 0         ; 0    ; 0            ; |timer|counter:counter0|counter_min_6:minutes|incrementer6:adder06|half_adder_6:adder1   ; work         ;
;          |reg_ff_d_6bits:bit_register_6| ; 11 (0)            ; 6 (0)        ; 0           ; 0            ; 0       ; 0         ; 0    ; 0            ; |timer|counter:counter0|counter_min_6:minutes|reg_ff_d_6bits:bit_register_6              ; work         ;
;             |ff_d:inst0|                 ; 1 (1)             ; 1 (1)        ; 0           ; 0            ; 0       ; 0         ; 0    ; 0            ; |timer|counter:counter0|counter_min_6:minutes|reg_ff_d_6bits:bit_register_6|ff_d:inst0   ; work         ;
;             |ff_d:inst1|                 ; 1 (1)             ; 1 (1)        ; 0           ; 0            ; 0       ; 0         ; 0    ; 0            ; |timer|counter:counter0|counter_min_6:minutes|reg_ff_d_6bits:bit_register_6|ff_d:inst1   ; work         ;
;             |ff_d:inst2|                 ; 1 (1)             ; 1 (1)        ; 0           ; 0            ; 0       ; 0         ; 0    ; 0            ; |timer|counter:counter0|counter_min_6:minutes|reg_ff_d_6bits:bit_register_6|ff_d:inst2   ; work         ;
;             |ff_d:inst3|                 ; 3 (3)             ; 1 (1)        ; 0           ; 0            ; 0       ; 0         ; 0    ; 0            ; |timer|counter:counter0|counter_min_6:minutes|reg_ff_d_6bits:bit_register_6|ff_d:inst3   ; work         ;
;             |ff_d:inst4|                 ; 1 (1)             ; 1 (1)        ; 0           ; 0            ; 0       ; 0         ; 0    ; 0            ; |timer|counter:counter0|counter_min_6:minutes|reg_ff_d_6bits:bit_register_6|ff_d:inst4   ; work         ;
;             |ff_d:inst5|                 ; 4 (4)             ; 1 (1)        ; 0           ; 0            ; 0       ; 0         ; 0    ; 0            ; |timer|counter:counter0|counter_min_6:minutes|reg_ff_d_6bits:bit_register_6|ff_d:inst5   ; work         ;
;       |counter_wload_6:seconds|          ; 12 (0)            ; 6 (0)        ; 0           ; 0            ; 0       ; 0         ; 0    ; 0            ; |timer|counter:counter0|counter_wload_6:seconds                                          ; work         ;
;          |comparator_6:comp06|           ; 2 (2)             ; 0 (0)        ; 0           ; 0            ; 0       ; 0         ; 0    ; 0            ; |timer|counter:counter0|counter_wload_6:seconds|comparator_6:comp06                      ; work         ;
;          |incrementer6:adder06|          ; 1 (0)             ; 0 (0)        ; 0           ; 0            ; 0       ; 0         ; 0    ; 0            ; |timer|counter:counter0|counter_wload_6:seconds|incrementer6:adder06                     ; work         ;
;             |half_adder_6:adder3|        ; 1 (1)             ; 0 (0)        ; 0           ; 0            ; 0       ; 0         ; 0    ; 0            ; |timer|counter:counter0|counter_wload_6:seconds|incrementer6:adder06|half_adder_6:adder3 ; work         ;
;          |reg_ff_d_6bits:bit_register_6| ; 9 (0)             ; 6 (0)        ; 0           ; 0            ; 0       ; 0         ; 0    ; 0            ; |timer|counter:counter0|counter_wload_6:seconds|reg_ff_d_6bits:bit_register_6            ; work         ;
;             |ff_d:inst0|                 ; 1 (1)             ; 1 (1)        ; 0           ; 0            ; 0       ; 0         ; 0    ; 0            ; |timer|counter:counter0|counter_wload_6:seconds|reg_ff_d_6bits:bit_register_6|ff_d:inst0 ; work         ;
;             |ff_d:inst1|                 ; 1 (1)             ; 1 (1)        ; 0           ; 0            ; 0       ; 0         ; 0    ; 0            ; |timer|counter:counter0|counter_wload_6:seconds|reg_ff_d_6bits:bit_register_6|ff_d:inst1 ; work         ;
;             |ff_d:inst2|                 ; 2 (2)             ; 1 (1)        ; 0           ; 0            ; 0       ; 0         ; 0    ; 0            ; |timer|counter:counter0|counter_wload_6:seconds|reg_ff_d_6bits:bit_register_6|ff_d:inst2 ; work         ;
;             |ff_d:inst3|                 ; 2 (2)             ; 1 (1)        ; 0           ; 0            ; 0       ; 0         ; 0    ; 0            ; |timer|counter:counter0|counter_wload_6:seconds|reg_ff_d_6bits:bit_register_6|ff_d:inst3 ; work         ;
;             |ff_d:inst4|                 ; 1 (1)             ; 1 (1)        ; 0           ; 0            ; 0       ; 0         ; 0    ; 0            ; |timer|counter:counter0|counter_wload_6:seconds|reg_ff_d_6bits:bit_register_6|ff_d:inst4 ; work         ;
;             |ff_d:inst5|                 ; 2 (2)             ; 1 (1)        ; 0           ; 0            ; 0       ; 0         ; 0    ; 0            ; |timer|counter:counter0|counter_wload_6:seconds|reg_ff_d_6bits:bit_register_6|ff_d:inst5 ; work         ;
;    |divide_freq:divfrq|                  ; 9 (0)             ; 6 (0)        ; 0           ; 0            ; 0       ; 0         ; 0    ; 0            ; |timer|divide_freq:divfrq                                                                ; work         ;
;       |counter_wload_6:div|              ; 9 (0)             ; 6 (0)        ; 0           ; 0            ; 0       ; 0         ; 0    ; 0            ; |timer|divide_freq:divfrq|counter_wload_6:div                                            ; work         ;
;          |comparator_6:comp06|           ; 2 (2)             ; 0 (0)        ; 0           ; 0            ; 0       ; 0         ; 0    ; 0            ; |timer|divide_freq:divfrq|counter_wload_6:div|comparator_6:comp06                        ; work         ;
;          |incrementer6:adder06|          ; 6 (0)             ; 0 (0)        ; 0           ; 0            ; 0       ; 0         ; 0    ; 0            ; |timer|divide_freq:divfrq|counter_wload_6:div|incrementer6:adder06                       ; work         ;
;             |half_adder_6:adder1|        ; 1 (1)             ; 0 (0)        ; 0           ; 0            ; 0       ; 0         ; 0    ; 0            ; |timer|divide_freq:divfrq|counter_wload_6:div|incrementer6:adder06|half_adder_6:adder1   ; work         ;
;             |half_adder_6:adder2|        ; 2 (2)             ; 0 (0)        ; 0           ; 0            ; 0       ; 0         ; 0    ; 0            ; |timer|divide_freq:divfrq|counter_wload_6:div|incrementer6:adder06|half_adder_6:adder2   ; work         ;
;             |half_adder_6:adder3|        ; 1 (1)             ; 0 (0)        ; 0           ; 0            ; 0       ; 0         ; 0    ; 0            ; |timer|divide_freq:divfrq|counter_wload_6:div|incrementer6:adder06|half_adder_6:adder3   ; work         ;
;             |half_adder_6:adder4|        ; 1 (1)             ; 0 (0)        ; 0           ; 0            ; 0       ; 0         ; 0    ; 0            ; |timer|divide_freq:divfrq|counter_wload_6:div|incrementer6:adder06|half_adder_6:adder4   ; work         ;
;             |half_adder_6:adder5|        ; 1 (1)             ; 0 (0)        ; 0           ; 0            ; 0       ; 0         ; 0    ; 0            ; |timer|divide_freq:divfrq|counter_wload_6:div|incrementer6:adder06|half_adder_6:adder5   ; work         ;
;          |mux_2x1_6:mux06|               ; 1 (0)             ; 0 (0)        ; 0           ; 0            ; 0       ; 0         ; 0    ; 0            ; |timer|divide_freq:divfrq|counter_wload_6:div|mux_2x1_6:mux06                            ; work         ;
;             |mux_2x1:mux0|               ; 1 (1)             ; 0 (0)        ; 0           ; 0            ; 0       ; 0         ; 0    ; 0            ; |timer|divide_freq:divfrq|counter_wload_6:div|mux_2x1_6:mux06|mux_2x1:mux0               ; work         ;
;          |reg_ff_d_6bits:bit_register_6| ; 0 (0)             ; 6 (0)        ; 0           ; 0            ; 0       ; 0         ; 0    ; 0            ; |timer|divide_freq:divfrq|counter_wload_6:div|reg_ff_d_6bits:bit_register_6              ; work         ;
;             |ff_d:inst0|                 ; 0 (0)             ; 1 (1)        ; 0           ; 0            ; 0       ; 0         ; 0    ; 0            ; |timer|divide_freq:divfrq|counter_wload_6:div|reg_ff_d_6bits:bit_register_6|ff_d:inst0   ; work         ;
;             |ff_d:inst1|                 ; 0 (0)             ; 1 (1)        ; 0           ; 0            ; 0       ; 0         ; 0    ; 0            ; |timer|divide_freq:divfrq|counter_wload_6:div|reg_ff_d_6bits:bit_register_6|ff_d:inst1   ; work         ;
;             |ff_d:inst2|                 ; 0 (0)             ; 1 (1)        ; 0           ; 0            ; 0       ; 0         ; 0    ; 0            ; |timer|divide_freq:divfrq|counter_wload_6:div|reg_ff_d_6bits:bit_register_6|ff_d:inst2   ; work         ;
;             |ff_d:inst3|                 ; 0 (0)             ; 1 (1)        ; 0           ; 0            ; 0       ; 0         ; 0    ; 0            ; |timer|divide_freq:divfrq|counter_wload_6:div|reg_ff_d_6bits:bit_register_6|ff_d:inst3   ; work         ;
;             |ff_d:inst4|                 ; 0 (0)             ; 1 (1)        ; 0           ; 0            ; 0       ; 0         ; 0    ; 0            ; |timer|divide_freq:divfrq|counter_wload_6:div|reg_ff_d_6bits:bit_register_6|ff_d:inst4   ; work         ;
;             |ff_d:inst5|                 ; 0 (0)             ; 1 (1)        ; 0           ; 0            ; 0       ; 0         ; 0    ; 0            ; |timer|divide_freq:divfrq|counter_wload_6:div|reg_ff_d_6bits:bit_register_6|ff_d:inst5   ; work         ;
+------------------------------------------+-------------------+--------------+-------------+--------------+---------+-----------+------+--------------+------------------------------------------------------------------------------------------+--------------+
Note: For table entries with two numbers listed, the numbers in parentheses indicate the number of resources of the given type used by the specific entity alone. The numbers listed outside of parentheses indicate the total resources of the given type used by the specific entity and all of its sub-entities in the hierarchy.


+------------------------------------------------------+
; General Register Statistics                          ;
+----------------------------------------------+-------+
; Statistic                                    ; Value ;
+----------------------------------------------+-------+
; Total registers                              ; 28    ;
; Number of registers using Synchronous Clear  ; 5     ;
; Number of registers using Synchronous Load   ; 0     ;
; Number of registers using Asynchronous Clear ; 0     ;
; Number of registers using Asynchronous Load  ; 0     ;
; Number of registers using Clock Enable       ; 0     ;
; Number of registers using Preset             ; 0     ;
+----------------------------------------------+-------+


+-------------------------------------------------------------------------------------+
; Parameter Settings for User Entity Instance: divide_freq:divfrq|counter_wload_6:div ;
+----------------+-------+------------------------------------------------------------+
; Parameter Name ; Value ; Type                                                       ;
+----------------+-------+------------------------------------------------------------+
; w              ; 5     ; Signed Integer                                             ;
+----------------+-------+------------------------------------------------------------+
Note: In order to hide this table in the UI and the text report file, please set the "Show Parameter Settings in Synthesis Report" option in "Analysis and Synthesis Settings -> More Settings" to "Off".


+-----------------------------------------------------------------------------------------------------+
; Parameter Settings for User Entity Instance: divide_freq:divfrq|counter_wload_6:div|mux_2x1_6:mux06 ;
+----------------+-------+----------------------------------------------------------------------------+
; Parameter Name ; Value ; Type                                                                       ;
+----------------+-------+----------------------------------------------------------------------------+
; w              ; 5     ; Signed Integer                                                             ;
+----------------+-------+----------------------------------------------------------------------------+
Note: In order to hide this table in the UI and the text report file, please set the "Show Parameter Settings in Synthesis Report" option in "Analysis and Synthesis Settings -> More Settings" to "Off".


+-------------------------------------------------------------------------------------------------------------------+
; Parameter Settings for User Entity Instance: divide_freq:divfrq|counter_wload_6:div|reg_ff_d_6bits:bit_register_6 ;
+----------------+-------+------------------------------------------------------------------------------------------+
; Parameter Name ; Value ; Type                                                                                     ;
+----------------+-------+------------------------------------------------------------------------------------------+
; tam            ; 5     ; Signed Integer                                                                           ;
+----------------+-------+------------------------------------------------------------------------------------------+
Note: In order to hide this table in the UI and the text report file, please set the "Show Parameter Settings in Synthesis Report" option in "Analysis and Synthesis Settings -> More Settings" to "Off".


+----------------------------------------------------------------------------------------------------------+
; Parameter Settings for User Entity Instance: divide_freq:divfrq|counter_wload_6:div|incrementer6:adder06 ;
+----------------+-------+---------------------------------------------------------------------------------+
; Parameter Name ; Value ; Type                                                                            ;
+----------------+-------+---------------------------------------------------------------------------------+
; w              ; 5     ; Signed Integer                                                                  ;
+----------------+-------+---------------------------------------------------------------------------------+
Note: In order to hide this table in the UI and the text report file, please set the "Show Parameter Settings in Synthesis Report" option in "Analysis and Synthesis Settings -> More Settings" to "Off".


+---------------------------------------------------------------------------------------------------------+
; Parameter Settings for User Entity Instance: divide_freq:divfrq|counter_wload_6:div|comparator_6:comp06 ;
+----------------+-------+--------------------------------------------------------------------------------+
; Parameter Name ; Value ; Type                                                                           ;
+----------------+-------+--------------------------------------------------------------------------------+
; w              ; 5     ; Signed Integer                                                                 ;
+----------------+-------+--------------------------------------------------------------------------------+
Note: In order to hide this table in the UI and the text report file, please set the "Show Parameter Settings in Synthesis Report" option in "Analysis and Synthesis Settings -> More Settings" to "Off".


+---------------------------------------------------------------------------------------+
; Parameter Settings for User Entity Instance: counter:counter0|counter_wload_6:seconds ;
+----------------+-------+--------------------------------------------------------------+
; Parameter Name ; Value ; Type                                                         ;
+----------------+-------+--------------------------------------------------------------+
; w              ; 5     ; Signed Integer                                               ;
+----------------+-------+--------------------------------------------------------------+
Note: In order to hide this table in the UI and the text report file, please set the "Show Parameter Settings in Synthesis Report" option in "Analysis and Synthesis Settings -> More Settings" to "Off".


+-------------------------------------------------------------------------------------------------------+
; Parameter Settings for User Entity Instance: counter:counter0|counter_wload_6:seconds|mux_2x1_6:mux06 ;
+----------------+-------+------------------------------------------------------------------------------+
; Parameter Name ; Value ; Type                                                                         ;
+----------------+-------+------------------------------------------------------------------------------+
; w              ; 5     ; Signed Integer                                                               ;
+----------------+-------+------------------------------------------------------------------------------+
Note: In order to hide this table in the UI and the text report file, please set the "Show Parameter Settings in Synthesis Report" option in "Analysis and Synthesis Settings -> More Settings" to "Off".


+---------------------------------------------------------------------------------------------------------------------+
; Parameter Settings for User Entity Instance: counter:counter0|counter_wload_6:seconds|reg_ff_d_6bits:bit_register_6 ;
+----------------+-------+--------------------------------------------------------------------------------------------+
; Parameter Name ; Value ; Type                                                                                       ;
+----------------+-------+--------------------------------------------------------------------------------------------+
; tam            ; 5     ; Signed Integer                                                                             ;
+----------------+-------+--------------------------------------------------------------------------------------------+
Note: In order to hide this table in the UI and the text report file, please set the "Show Parameter Settings in Synthesis Report" option in "Analysis and Synthesis Settings -> More Settings" to "Off".


+------------------------------------------------------------------------------------------------------------+
; Parameter Settings for User Entity Instance: counter:counter0|counter_wload_6:seconds|incrementer6:adder06 ;
+----------------+-------+-----------------------------------------------------------------------------------+
; Parameter Name ; Value ; Type                                                                              ;
+----------------+-------+-----------------------------------------------------------------------------------+
; w              ; 5     ; Signed Integer                                                                    ;
+----------------+-------+-----------------------------------------------------------------------------------+
Note: In order to hide this table in the UI and the text report file, please set the "Show Parameter Settings in Synthesis Report" option in "Analysis and Synthesis Settings -> More Settings" to "Off".


+-----------------------------------------------------------------------------------------------------------+
; Parameter Settings for User Entity Instance: counter:counter0|counter_wload_6:seconds|comparator_6:comp06 ;
+----------------+-------+----------------------------------------------------------------------------------+
; Parameter Name ; Value ; Type                                                                             ;
+----------------+-------+----------------------------------------------------------------------------------+
; w              ; 5     ; Signed Integer                                                                   ;
+----------------+-------+----------------------------------------------------------------------------------+
Note: In order to hide this table in the UI and the text report file, please set the "Show Parameter Settings in Synthesis Report" option in "Analysis and Synthesis Settings -> More Settings" to "Off".


+-------------------------------------------------------------------------------------+
; Parameter Settings for User Entity Instance: counter:counter0|counter_min_6:minutes ;
+----------------+-------+------------------------------------------------------------+
; Parameter Name ; Value ; Type                                                       ;
+----------------+-------+------------------------------------------------------------+
; w              ; 5     ; Signed Integer                                             ;
+----------------+-------+------------------------------------------------------------+
Note: In order to hide this table in the UI and the text report file, please set the "Show Parameter Settings in Synthesis Report" option in "Analysis and Synthesis Settings -> More Settings" to "Off".


+-----------------------------------------------------------------------------------------------------+
; Parameter Settings for User Entity Instance: counter:counter0|counter_min_6:minutes|mux_2x1_6:mux06 ;
+----------------+-------+----------------------------------------------------------------------------+
; Parameter Name ; Value ; Type                                                                       ;
+----------------+-------+----------------------------------------------------------------------------+
; w              ; 5     ; Signed Integer                                                             ;
+----------------+-------+----------------------------------------------------------------------------+
Note: In order to hide this table in the UI and the text report file, please set the "Show Parameter Settings in Synthesis Report" option in "Analysis and Synthesis Settings -> More Settings" to "Off".


+-------------------------------------------------------------------------------------------------------------------+
; Parameter Settings for User Entity Instance: counter:counter0|counter_min_6:minutes|reg_ff_d_6bits:bit_register_6 ;
+----------------+-------+------------------------------------------------------------------------------------------+
; Parameter Name ; Value ; Type                                                                                     ;
+----------------+-------+------------------------------------------------------------------------------------------+
; tam            ; 5     ; Signed Integer                                                                           ;
+----------------+-------+------------------------------------------------------------------------------------------+
Note: In order to hide this table in the UI and the text report file, please set the "Show Parameter Settings in Synthesis Report" option in "Analysis and Synthesis Settings -> More Settings" to "Off".


+----------------------------------------------------------------------------------------------------------+
; Parameter Settings for User Entity Instance: counter:counter0|counter_min_6:minutes|incrementer6:adder06 ;
+----------------+-------+---------------------------------------------------------------------------------+
; Parameter Name ; Value ; Type                                                                            ;
+----------------+-------+---------------------------------------------------------------------------------+
; w              ; 5     ; Signed Integer                                                                  ;
+----------------+-------+---------------------------------------------------------------------------------+
Note: In order to hide this table in the UI and the text report file, please set the "Show Parameter Settings in Synthesis Report" option in "Analysis and Synthesis Settings -> More Settings" to "Off".


+---------------------------------------------------------------------------------------------------------+
; Parameter Settings for User Entity Instance: counter:counter0|counter_min_6:minutes|comparator_6:comp06 ;
+----------------+-------+--------------------------------------------------------------------------------+
; Parameter Name ; Value ; Type                                                                           ;
+----------------+-------+--------------------------------------------------------------------------------+
; w              ; 5     ; Signed Integer                                                                 ;
+----------------+-------+--------------------------------------------------------------------------------+
Note: In order to hide this table in the UI and the text report file, please set the "Show Parameter Settings in Synthesis Report" option in "Analysis and Synthesis Settings -> More Settings" to "Off".


+-------------------------------------------------------------------------------------+
; Parameter Settings for User Entity Instance: counter:counter0|counter_hours_5:hours ;
+----------------+-------+------------------------------------------------------------+
; Parameter Name ; Value ; Type                                                       ;
+----------------+-------+------------------------------------------------------------+
; w              ; 4     ; Signed Integer                                             ;
+----------------+-------+------------------------------------------------------------+
Note: In order to hide this table in the UI and the text report file, please set the "Show Parameter Settings in Synthesis Report" option in "Analysis and Synthesis Settings -> More Settings" to "Off".


+----------------------------------------------------------------------------------------------------+
; Parameter Settings for User Entity Instance: counter:counter0|counter_hours_5:hours|mux_2x1_5:mux0 ;
+----------------+-------+---------------------------------------------------------------------------+
; Parameter Name ; Value ; Type                                                                      ;
+----------------+-------+---------------------------------------------------------------------------+
; w              ; 4     ; Signed Integer                                                            ;
+----------------+-------+---------------------------------------------------------------------------+
Note: In order to hide this table in the UI and the text report file, please set the "Show Parameter Settings in Synthesis Report" option in "Analysis and Synthesis Settings -> More Settings" to "Off".


+---------------------------------------------------------------------------------------------------------------+
; Parameter Settings for User Entity Instance: counter:counter0|counter_hours_5:hours|reg_ff_d_5bits:register_5 ;
+----------------+-------+--------------------------------------------------------------------------------------+
; Parameter Name ; Value ; Type                                                                                 ;
+----------------+-------+--------------------------------------------------------------------------------------+
; tam            ; 4     ; Signed Integer                                                                       ;
+----------------+-------+--------------------------------------------------------------------------------------+
Note: In order to hide this table in the UI and the text report file, please set the "Show Parameter Settings in Synthesis Report" option in "Analysis and Synthesis Settings -> More Settings" to "Off".


+---------------------------------------------------------------------------------------------------------+
; Parameter Settings for User Entity Instance: counter:counter0|counter_hours_5:hours|incrementer5:adder0 ;
+----------------+-------+--------------------------------------------------------------------------------+
; Parameter Name ; Value ; Type                                                                           ;
+----------------+-------+--------------------------------------------------------------------------------+
; w              ; 4     ; Signed Integer                                                                 ;
+----------------+-------+--------------------------------------------------------------------------------+
Note: In order to hide this table in the UI and the text report file, please set the "Show Parameter Settings in Synthesis Report" option in "Analysis and Synthesis Settings -> More Settings" to "Off".


+----------------------------------------------------------------------------------------------------------------------------+
; Parameter Settings for User Entity Instance: counter:counter0|counter_hours_5:hours|incrementer5:adder0|half_adder5:adder0 ;
+----------------+-------+---------------------------------------------------------------------------------------------------+
; Parameter Name ; Value ; Type                                                                                              ;
+----------------+-------+---------------------------------------------------------------------------------------------------+
; w              ; 4     ; Signed Integer                                                                                    ;
+----------------+-------+---------------------------------------------------------------------------------------------------+
Note: In order to hide this table in the UI and the text report file, please set the "Show Parameter Settings in Synthesis Report" option in "Analysis and Synthesis Settings -> More Settings" to "Off".


+----------------------------------------------------------------------------------------------------------------------------+
; Parameter Settings for User Entity Instance: counter:counter0|counter_hours_5:hours|incrementer5:adder0|half_adder5:adder1 ;
+----------------+-------+---------------------------------------------------------------------------------------------------+
; Parameter Name ; Value ; Type                                                                                              ;
+----------------+-------+---------------------------------------------------------------------------------------------------+
; w              ; 4     ; Signed Integer                                                                                    ;
+----------------+-------+---------------------------------------------------------------------------------------------------+
Note: In order to hide this table in the UI and the text report file, please set the "Show Parameter Settings in Synthesis Report" option in "Analysis and Synthesis Settings -> More Settings" to "Off".


+----------------------------------------------------------------------------------------------------------------------------+
; Parameter Settings for User Entity Instance: counter:counter0|counter_hours_5:hours|incrementer5:adder0|half_adder5:adder2 ;
+----------------+-------+---------------------------------------------------------------------------------------------------+
; Parameter Name ; Value ; Type                                                                                              ;
+----------------+-------+---------------------------------------------------------------------------------------------------+
; w              ; 4     ; Signed Integer                                                                                    ;
+----------------+-------+---------------------------------------------------------------------------------------------------+
Note: In order to hide this table in the UI and the text report file, please set the "Show Parameter Settings in Synthesis Report" option in "Analysis and Synthesis Settings -> More Settings" to "Off".


+----------------------------------------------------------------------------------------------------------------------------+
; Parameter Settings for User Entity Instance: counter:counter0|counter_hours_5:hours|incrementer5:adder0|half_adder5:adder3 ;
+----------------+-------+---------------------------------------------------------------------------------------------------+
; Parameter Name ; Value ; Type                                                                                              ;
+----------------+-------+---------------------------------------------------------------------------------------------------+
; w              ; 4     ; Signed Integer                                                                                    ;
+----------------+-------+---------------------------------------------------------------------------------------------------+
Note: In order to hide this table in the UI and the text report file, please set the "Show Parameter Settings in Synthesis Report" option in "Analysis and Synthesis Settings -> More Settings" to "Off".


+----------------------------------------------------------------------------------------------------------------------------+
; Parameter Settings for User Entity Instance: counter:counter0|counter_hours_5:hours|incrementer5:adder0|half_adder5:adder4 ;
+----------------+-------+---------------------------------------------------------------------------------------------------+
; Parameter Name ; Value ; Type                                                                                              ;
+----------------+-------+---------------------------------------------------------------------------------------------------+
; w              ; 4     ; Signed Integer                                                                                    ;
+----------------+-------+---------------------------------------------------------------------------------------------------+
Note: In order to hide this table in the UI and the text report file, please set the "Show Parameter Settings in Synthesis Report" option in "Analysis and Synthesis Settings -> More Settings" to "Off".


+--------------------------------------------------------------------------------------------------------+
; Parameter Settings for User Entity Instance: counter:counter0|counter_hours_5:hours|comparator_5:comp0 ;
+----------------+-------+-------------------------------------------------------------------------------+
; Parameter Name ; Value ; Type                                                                          ;
+----------------+-------+-------------------------------------------------------------------------------+
; w              ; 4     ; Signed Integer                                                                ;
+----------------+-------+-------------------------------------------------------------------------------+
Note: In order to hide this table in the UI and the text report file, please set the "Show Parameter Settings in Synthesis Report" option in "Analysis and Synthesis Settings -> More Settings" to "Off".


+-----------------------------------------------------------------------------------+
; Parameter Settings for User Entity Instance: counter:counter0|counter_days_5:days ;
+----------------+-------+----------------------------------------------------------+
; Parameter Name ; Value ; Type                                                     ;
+----------------+-------+----------------------------------------------------------+
; w              ; 4     ; Signed Integer                                           ;
+----------------+-------+----------------------------------------------------------+
Note: In order to hide this table in the UI and the text report file, please set the "Show Parameter Settings in Synthesis Report" option in "Analysis and Synthesis Settings -> More Settings" to "Off".


+--------------------------------------------------------------------------------------------------+
; Parameter Settings for User Entity Instance: counter:counter0|counter_days_5:days|mux_2x1_5:mux0 ;
+----------------+-------+-------------------------------------------------------------------------+
; Parameter Name ; Value ; Type                                                                    ;
+----------------+-------+-------------------------------------------------------------------------+
; w              ; 4     ; Signed Integer                                                          ;
+----------------+-------+-------------------------------------------------------------------------+
Note: In order to hide this table in the UI and the text report file, please set the "Show Parameter Settings in Synthesis Report" option in "Analysis and Synthesis Settings -> More Settings" to "Off".


+-----------------------------------------------------------------------------------------------------------------+
; Parameter Settings for User Entity Instance: counter:counter0|counter_days_5:days|reg_ff_d_5bits:bit_register_5 ;
+----------------+-------+----------------------------------------------------------------------------------------+
; Parameter Name ; Value ; Type                                                                                   ;
+----------------+-------+----------------------------------------------------------------------------------------+
; tam            ; 4     ; Signed Integer                                                                         ;
+----------------+-------+----------------------------------------------------------------------------------------+
Note: In order to hide this table in the UI and the text report file, please set the "Show Parameter Settings in Synthesis Report" option in "Analysis and Synthesis Settings -> More Settings" to "Off".


+-------------------------------------------------------------------------------------------------------+
; Parameter Settings for User Entity Instance: counter:counter0|counter_days_5:days|incrementer5:adder0 ;
+----------------+-------+------------------------------------------------------------------------------+
; Parameter Name ; Value ; Type                                                                         ;
+----------------+-------+------------------------------------------------------------------------------+
; w              ; 4     ; Signed Integer                                                               ;
+----------------+-------+------------------------------------------------------------------------------+
Note: In order to hide this table in the UI and the text report file, please set the "Show Parameter Settings in Synthesis Report" option in "Analysis and Synthesis Settings -> More Settings" to "Off".


+--------------------------------------------------------------------------------------------------------------------------+
; Parameter Settings for User Entity Instance: counter:counter0|counter_days_5:days|incrementer5:adder0|half_adder5:adder0 ;
+----------------+-------+-------------------------------------------------------------------------------------------------+
; Parameter Name ; Value ; Type                                                                                            ;
+----------------+-------+-------------------------------------------------------------------------------------------------+
; w              ; 4     ; Signed Integer                                                                                  ;
+----------------+-------+-------------------------------------------------------------------------------------------------+
Note: In order to hide this table in the UI and the text report file, please set the "Show Parameter Settings in Synthesis Report" option in "Analysis and Synthesis Settings -> More Settings" to "Off".


+--------------------------------------------------------------------------------------------------------------------------+
; Parameter Settings for User Entity Instance: counter:counter0|counter_days_5:days|incrementer5:adder0|half_adder5:adder1 ;
+----------------+-------+-------------------------------------------------------------------------------------------------+
; Parameter Name ; Value ; Type                                                                                            ;
+----------------+-------+-------------------------------------------------------------------------------------------------+
; w              ; 4     ; Signed Integer                                                                                  ;
+----------------+-------+-------------------------------------------------------------------------------------------------+
Note: In order to hide this table in the UI and the text report file, please set the "Show Parameter Settings in Synthesis Report" option in "Analysis and Synthesis Settings -> More Settings" to "Off".


+--------------------------------------------------------------------------------------------------------------------------+
; Parameter Settings for User Entity Instance: counter:counter0|counter_days_5:days|incrementer5:adder0|half_adder5:adder2 ;
+----------------+-------+-------------------------------------------------------------------------------------------------+
; Parameter Name ; Value ; Type                                                                                            ;
+----------------+-------+-------------------------------------------------------------------------------------------------+
; w              ; 4     ; Signed Integer                                                                                  ;
+----------------+-------+-------------------------------------------------------------------------------------------------+
Note: In order to hide this table in the UI and the text report file, please set the "Show Parameter Settings in Synthesis Report" option in "Analysis and Synthesis Settings -> More Settings" to "Off".


+--------------------------------------------------------------------------------------------------------------------------+
; Parameter Settings for User Entity Instance: counter:counter0|counter_days_5:days|incrementer5:adder0|half_adder5:adder3 ;
+----------------+-------+-------------------------------------------------------------------------------------------------+
; Parameter Name ; Value ; Type                                                                                            ;
+----------------+-------+-------------------------------------------------------------------------------------------------+
; w              ; 4     ; Signed Integer                                                                                  ;
+----------------+-------+-------------------------------------------------------------------------------------------------+
Note: In order to hide this table in the UI and the text report file, please set the "Show Parameter Settings in Synthesis Report" option in "Analysis and Synthesis Settings -> More Settings" to "Off".


+--------------------------------------------------------------------------------------------------------------------------+
; Parameter Settings for User Entity Instance: counter:counter0|counter_days_5:days|incrementer5:adder0|half_adder5:adder4 ;
+----------------+-------+-------------------------------------------------------------------------------------------------+
; Parameter Name ; Value ; Type                                                                                            ;
+----------------+-------+-------------------------------------------------------------------------------------------------+
; w              ; 4     ; Signed Integer                                                                                  ;
+----------------+-------+-------------------------------------------------------------------------------------------------+
Note: In order to hide this table in the UI and the text report file, please set the "Show Parameter Settings in Synthesis Report" option in "Analysis and Synthesis Settings -> More Settings" to "Off".


+------------------------------------------------------------------------------------------------------+
; Parameter Settings for User Entity Instance: counter:counter0|counter_days_5:days|comparator_5:comp0 ;
+----------------+-------+-----------------------------------------------------------------------------+
; Parameter Name ; Value ; Type                                                                        ;
+----------------+-------+-----------------------------------------------------------------------------+
; w              ; 4     ; Signed Integer                                                              ;
+----------------+-------+-----------------------------------------------------------------------------+
Note: In order to hide this table in the UI and the text report file, please set the "Show Parameter Settings in Synthesis Report" option in "Analysis and Synthesis Settings -> More Settings" to "Off".


+-------------------------------------------------------------------------------------+
; Port Connectivity Checks: "counter:counter0|counter_days_5:days|comparator_5:comp0" ;
+---------+-------+----------+--------------------------------------------------------+
; Port    ; Type  ; Severity ; Details                                                ;
+---------+-------+----------+--------------------------------------------------------+
; b[4..2] ; Input ; Info     ; Stuck at VCC                                           ;
; b[1]    ; Input ; Info     ; Stuck at GND                                           ;
; b[0]    ; Input ; Info     ; Stuck at VCC                                           ;
+---------+-------+----------+--------------------------------------------------------+


+---------------------------------------------------------------------------------------------------------------------+
; Port Connectivity Checks: "counter:counter0|counter_days_5:days|reg_ff_d_5bits:bit_register_5"                      ;
+-----------+--------+----------+-------------------------------------------------------------------------------------+
; Port      ; Type   ; Severity ; Details                                                                             ;
+-----------+--------+----------+-------------------------------------------------------------------------------------+
; q_bar_reg ; Output ; Info     ; Connected to dangling logic. Logic that only feeds a dangling port will be removed. ;
+-----------+--------+----------+-------------------------------------------------------------------------------------+


+---------------------------------------------------------------------------------------+
; Port Connectivity Checks: "counter:counter0|counter_hours_5:hours|comparator_5:comp0" ;
+---------+-------+----------+----------------------------------------------------------+
; Port    ; Type  ; Severity ; Details                                                  ;
+---------+-------+----------+----------------------------------------------------------+
; b[2..0] ; Input ; Info     ; Stuck at VCC                                             ;
; b[4]    ; Input ; Info     ; Stuck at VCC                                             ;
; b[3]    ; Input ; Info     ; Stuck at GND                                             ;
+---------+-------+----------+----------------------------------------------------------+


+----------------------------------------------------------------------------------------------------------------+
; Port Connectivity Checks: "counter:counter0|counter_hours_5:hours|incrementer5:adder0|half_adder5:adder4"      ;
+------+--------+----------+-------------------------------------------------------------------------------------+
; Port ; Type   ; Severity ; Details                                                                             ;
+------+--------+----------+-------------------------------------------------------------------------------------+
; co   ; Output ; Info     ; Connected to dangling logic. Logic that only feeds a dangling port will be removed. ;
+------+--------+----------+-------------------------------------------------------------------------------------+


+---------------------------------------------------------------------------------------------------------------------+
; Port Connectivity Checks: "counter:counter0|counter_hours_5:hours|reg_ff_d_5bits:register_5"                        ;
+-----------+--------+----------+-------------------------------------------------------------------------------------+
; Port      ; Type   ; Severity ; Details                                                                             ;
+-----------+--------+----------+-------------------------------------------------------------------------------------+
; q_bar_reg ; Output ; Info     ; Connected to dangling logic. Logic that only feeds a dangling port will be removed. ;
+-----------+--------+----------+-------------------------------------------------------------------------------------+


+----------------------------------------------------------------------------------------+
; Port Connectivity Checks: "counter:counter0|counter_min_6:minutes|comparator_6:comp06" ;
+---------+-------+----------+-----------------------------------------------------------+
; Port    ; Type  ; Severity ; Details                                                   ;
+---------+-------+----------+-----------------------------------------------------------+
; b[5..3] ; Input ; Info     ; Stuck at VCC                                              ;
; b[1..0] ; Input ; Info     ; Stuck at VCC                                              ;
; b[2]    ; Input ; Info     ; Stuck at GND                                              ;
+---------+-------+----------+-----------------------------------------------------------+


+---------------------------------------------------------------------------------------------------------------------+
; Port Connectivity Checks: "counter:counter0|counter_min_6:minutes|reg_ff_d_6bits:bit_register_6"                    ;
+-----------+--------+----------+-------------------------------------------------------------------------------------+
; Port      ; Type   ; Severity ; Details                                                                             ;
+-----------+--------+----------+-------------------------------------------------------------------------------------+
; q_bar_reg ; Output ; Info     ; Connected to dangling logic. Logic that only feeds a dangling port will be removed. ;
+-----------+--------+----------+-------------------------------------------------------------------------------------+


+----------------------------------------------+
; Port Connectivity Checks: "counter:counter0" ;
+---------+-------+----------+-----------------+
; Port    ; Type  ; Severity ; Details         ;
+---------+-------+----------+-----------------+
; in_data ; Input ; Info     ; Stuck at GND    ;
+---------+-------+----------+-----------------+


+----------------------------------------------------------------------------------------+
; Port Connectivity Checks: "divide_freq:divfrq|counter_wload_6:div|comparator_6:comp06" ;
+---------+-------+----------+-----------------------------------------------------------+
; Port    ; Type  ; Severity ; Details                                                   ;
+---------+-------+----------+-----------------------------------------------------------+
; b[5..3] ; Input ; Info     ; Stuck at VCC                                              ;
; b[1..0] ; Input ; Info     ; Stuck at VCC                                              ;
; b[2]    ; Input ; Info     ; Stuck at GND                                              ;
+---------+-------+----------+-----------------------------------------------------------+


+----------------------------------------------------------------------------------------------------------------+
; Port Connectivity Checks: "divide_freq:divfrq|counter_wload_6:div|incrementer6:adder06|half_adder_6:adder5"    ;
+------+--------+----------+-------------------------------------------------------------------------------------+
; Port ; Type   ; Severity ; Details                                                                             ;
+------+--------+----------+-------------------------------------------------------------------------------------+
; co   ; Output ; Info     ; Connected to dangling logic. Logic that only feeds a dangling port will be removed. ;
+------+--------+----------+-------------------------------------------------------------------------------------+


+-----------------------------------------------------------------------------------------+
; Port Connectivity Checks: "divide_freq:divfrq|counter_wload_6:div|incrementer6:adder06" ;
+------+-------+----------+---------------------------------------------------------------+
; Port ; Type  ; Severity ; Details                                                       ;
+------+-------+----------+---------------------------------------------------------------+
; cin  ; Input ; Info     ; Stuck at VCC                                                  ;
+------+-------+----------+---------------------------------------------------------------+


+---------------------------------------------------------------------------------------------------------------------+
; Port Connectivity Checks: "divide_freq:divfrq|counter_wload_6:div|reg_ff_d_6bits:bit_register_6"                    ;
+-----------+--------+----------+-------------------------------------------------------------------------------------+
; Port      ; Type   ; Severity ; Details                                                                             ;
+-----------+--------+----------+-------------------------------------------------------------------------------------+
; q_bar_reg ; Output ; Info     ; Connected to dangling logic. Logic that only feeds a dangling port will be removed. ;
+-----------+--------+----------+-------------------------------------------------------------------------------------+


+--------------------------------------------------------------------------------------------------------------------+
; Port Connectivity Checks: "divide_freq:divfrq|counter_wload_6:div"                                                 ;
+----------+--------+----------+-------------------------------------------------------------------------------------+
; Port     ; Type   ; Severity ; Details                                                                             ;
+----------+--------+----------+-------------------------------------------------------------------------------------+
; in_data  ; Input  ; Info     ; Stuck at GND                                                                        ;
; out_data ; Output ; Info     ; Connected to dangling logic. Logic that only feeds a dangling port will be removed. ;
; load     ; Input  ; Info     ; Stuck at VCC                                                                        ;
+----------+--------+----------+-------------------------------------------------------------------------------------+


+-------------------------------+
; Elapsed Time Per Partition    ;
+----------------+--------------+
; Partition Name ; Elapsed Time ;
+----------------+--------------+
; Top            ; 00:00:00     ;
+----------------+--------------+


+-------------------------------+
; Analysis & Synthesis Messages ;
+-------------------------------+
Info: *******************************************************************
Info: Running Quartus II 64-Bit Analysis & Synthesis
    Info: Version 13.0.1 Build 232 06/12/2013 Service Pack 1 SJ Web Edition
    Info: Processing started: Wed Jun 14 01:54:07 2023
Info: Command: quartus_map --read_settings_files=on --write_settings_files=off counter -c counter
Warning (20028): Parallel compilation is not licensed and has been disabled
Info (12021): Found 2 design units, including 1 entities, in source file counter.vhd
    Info (12022): Found design unit 1: counter-rtl
    Info (12023): Found entity 1: counter
Info (12021): Found 2 design units, including 1 entities, in source file ciomparator_5.vhd
    Info (12022): Found design unit 1: comparator_5-behav
    Info (12023): Found entity 1: comparator_5
Info (12021): Found 2 design units, including 1 entities, in source file ff_d.vhd
    Info (12022): Found design unit 1: ff_d-behav
    Info (12023): Found entity 1: ff_d
Info (12021): Found 2 design units, including 1 entities, in source file half_adder5.vhd
    Info (12022): Found design unit 1: half_adder5-bhv
    Info (12023): Found entity 1: half_adder5
Info (12021): Found 2 design units, including 1 entities, in source file incrementer5.vhd
    Info (12022): Found design unit 1: incrementer5-rtl
    Info (12023): Found entity 1: incrementer5
Info (12021): Found 2 design units, including 1 entities, in source file mux_2x1_5.vhd
    Info (12022): Found design unit 1: mux_2x1_5-behav
    Info (12023): Found entity 1: mux_2x1_5
Info (12021): Found 2 design units, including 1 entities, in source file mux_2x1.vhd
    Info (12022): Found design unit 1: mux_2x1-behav
    Info (12023): Found entity 1: mux_2x1
Info (12021): Found 2 design units, including 1 entities, in source file reg_ff_d_5bits.vhd
    Info (12022): Found design unit 1: reg_ff_d_5bits-comp
    Info (12023): Found entity 1: reg_ff_d_5bits
Info (12021): Found 2 design units, including 1 entities, in source file counter_hours_5.vhd
    Info (12022): Found design unit 1: counter_hours_5-bhv
    Info (12023): Found entity 1: counter_hours_5
Info (12021): Found 2 design units, including 1 entities, in source file counter_days_5.vhd
    Info (12022): Found design unit 1: counter_days_5-bhv
    Info (12023): Found entity 1: counter_days_5
Info (12021): Found 2 design units, including 1 entities, in source file comparator_6.vhd
    Info (12022): Found design unit 1: comparator_6-behav
    Info (12023): Found entity 1: comparator_6
Info (12021): Found 2 design units, including 1 entities, in source file counter_wload_6.vhd
    Info (12022): Found design unit 1: counter_wload_6-bhv
    Info (12023): Found entity 1: counter_wload_6
Info (12021): Found 2 design units, including 1 entities, in source file half_adder_6.vhd
    Info (12022): Found design unit 1: half_adder_6-bhv
    Info (12023): Found entity 1: half_adder_6
Info (12021): Found 2 design units, including 1 entities, in source file incrementer_6.vhd
    Info (12022): Found design unit 1: incrementer6-rtl
    Info (12023): Found entity 1: incrementer6
Info (12021): Found 2 design units, including 1 entities, in source file mux_2x1_6.vhd
    Info (12022): Found design unit 1: mux_2x1_6-behav
    Info (12023): Found entity 1: mux_2x1_6
Info (12021): Found 2 design units, including 1 entities, in source file reg_6.vhd
    Info (12022): Found design unit 1: reg_ff_d_6bits-comp
    Info (12023): Found entity 1: reg_ff_d_6bits
Info (12021): Found 2 design units, including 1 entities, in source file counter_min_6.vhd
    Info (12022): Found design unit 1: counter_min_6-bhv
    Info (12023): Found entity 1: counter_min_6
Info (12021): Found 2 design units, including 1 entities, in source file divide_freq.vhd
    Info (12022): Found design unit 1: divide_freq-behav
    Info (12023): Found entity 1: divide_freq
Info (12021): Found 2 design units, including 1 entities, in source file timer.vhd
    Info (12022): Found design unit 1: timer-behav
    Info (12023): Found entity 1: timer
Info (12127): Elaborating entity "timer" for the top level hierarchy
Info (12128): Elaborating entity "divide_freq" for hierarchy "divide_freq:divfrq"
Info (12128): Elaborating entity "counter_wload_6" for hierarchy "divide_freq:divfrq|counter_wload_6:div"
Info (12128): Elaborating entity "mux_2x1_6" for hierarchy "divide_freq:divfrq|counter_wload_6:div|mux_2x1_6:mux06"
Info (12128): Elaborating entity "mux_2x1" for hierarchy "divide_freq:divfrq|counter_wload_6:div|mux_2x1_6:mux06|mux_2x1:mux0"
Info (12128): Elaborating entity "reg_ff_d_6bits" for hierarchy "divide_freq:divfrq|counter_wload_6:div|reg_ff_d_6bits:bit_register_6"
Info (12128): Elaborating entity "ff_d" for hierarchy "divide_freq:divfrq|counter_wload_6:div|reg_ff_d_6bits:bit_register_6|ff_d:inst0"
Warning (10492): VHDL Process Statement warning at ff_d.vhd(22): signal "load" is read inside the Process Statement but isn't in the Process Statement's sensitivity list
Warning (10492): VHDL Process Statement warning at ff_d.vhd(25): signal "load" is read inside the Process Statement but isn't in the Process Statement's sensitivity list
Info (12128): Elaborating entity "incrementer6" for hierarchy "divide_freq:divfrq|counter_wload_6:div|incrementer6:adder06"
Info (12128): Elaborating entity "half_adder_6" for hierarchy "divide_freq:divfrq|counter_wload_6:div|incrementer6:adder06|half_adder_6:adder0"
Info (12128): Elaborating entity "comparator_6" for hierarchy "divide_freq:divfrq|counter_wload_6:div|comparator_6:comp06"
Info (12128): Elaborating entity "counter" for hierarchy "counter:counter0"
Info (12128): Elaborating entity "counter_min_6" for hierarchy "counter:counter0|counter_min_6:minutes"
Info (12128): Elaborating entity "counter_hours_5" for hierarchy "counter:counter0|counter_hours_5:hours"
Info (12128): Elaborating entity "mux_2x1_5" for hierarchy "counter:counter0|counter_hours_5:hours|mux_2x1_5:mux0"
Info (12128): Elaborating entity "reg_ff_d_5bits" for hierarchy "counter:counter0|counter_hours_5:hours|reg_ff_d_5bits:register_5"
Info (12128): Elaborating entity "incrementer5" for hierarchy "counter:counter0|counter_hours_5:hours|incrementer5:adder0"
Info (12128): Elaborating entity "half_adder5" for hierarchy "counter:counter0|counter_hours_5:hours|incrementer5:adder0|half_adder5:adder0"
Info (12128): Elaborating entity "comparator_5" for hierarchy "counter:counter0|counter_hours_5:hours|comparator_5:comp0"
Info (12128): Elaborating entity "counter_days_5" for hierarchy "counter:counter0|counter_days_5:days"
Info (16010): Generating hard_block partition "hard_block:auto_generated_inst"
    Info (16011): Adding 0 node(s), including 0 DDIO, 0 PLL, 0 transceiver and 0 LCELL
Info (21057): Implemented 87 device resources after synthesis - the final resource count might be different
    Info (21058): Implemented 2 input pins
    Info (21059): Implemented 23 output pins
    Info (21061): Implemented 62 logic cells
Info: Quartus II 64-Bit Analysis & Synthesis was successful. 0 errors, 3 warnings
    Info: Peak virtual memory: 4639 megabytes
    Info: Processing ended: Wed Jun 14 01:54:08 2023
    Info: Elapsed time: 00:00:01
    Info: Total CPU time (on all processors): 00:00:01


