Flow report for incrementer
Tue Jun 13 21:18:41 2023
Quartus II 64-Bit Version 13.0.1 Build 232 06/12/2013 Service Pack 1 SJ Web Edition


---------------------
; Table of Contents ;
---------------------
  1. Legal Notice
  2. Flow Summary
  3. Flow Settings
  4. Flow Non-Default Global Settings
  5. Flow Elapsed Time
  6. Flow OS Summary
  7. Flow Log
  8. Flow Messages
  9. Flow Suppressed Messages



----------------
; Legal Notice ;
----------------
Copyright (C) 1991-2013 Altera Corporation
Your use of Altera Corporation's design tools, logic functions 
and other software and tools, and its AMPP partner logic 
functions, and any output files from any of the foregoing 
(including device programming or simulation files), and any 
associated documentation or information are expressly subject 
to the terms and conditions of the Altera Program License 
Subscription Agreement, Altera MegaCore Function License 
Agreement, or other applicable license agreement, including, 
without limitation, that your use is for the sole purpose of 
programming logic devices manufactured by Altera and sold by 
Altera or its authorized distributors.  Please refer to the 
applicable agreement for further details.



+--------------------------------------------------------------------------------------+
; Flow Summary                                                                         ;
+------------------------------------+-------------------------------------------------+
; Flow Status                        ; Successful - Tue Jun 13 21:18:41 2023           ;
; Quartus II 64-Bit Version          ; 13.0.1 Build 232 06/12/2013 SP 1 SJ Web Edition ;
; Revision Name                      ; incrementer                                     ;
; Top-level Entity Name              ; counter_wload_6                                 ;
; Family                             ; Cyclone II                                      ;
; Device                             ; EP2C70F672C6                                    ;
; Timing Models                      ; Final                                           ;
; Total logic elements               ; 15 / 68,416 ( < 1 % )                           ;
;     Total combinational functions  ; 15 / 68,416 ( < 1 % )                           ;
;     Dedicated logic registers      ; 6 / 68,416 ( < 1 % )                            ;
; Total registers                    ; 6                                               ;
; Total pins                         ; 15 / 422 ( 4 % )                                ;
; Total virtual pins                 ; 0                                               ;
; Total memory bits                  ; 0 / 1,152,000 ( 0 % )                           ;
; Embedded Multiplier 9-bit elements ; 0 / 300 ( 0 % )                                 ;
; Total PLLs                         ; 0 / 4 ( 0 % )                                   ;
+------------------------------------+-------------------------------------------------+


+-----------------------------------------+
; Flow Settings                           ;
+-------------------+---------------------+
; Option            ; Setting             ;
+-------------------+---------------------+
; Start date & time ; 06/13/2023 21:15:37 ;
; Main task         ; Compilation         ;
; Revision Name     ; incrementer         ;
+-------------------+---------------------+


+-------------------------------------------------------------------------------------------------------------------------+
; Flow Non-Default Global Settings                                                                                        ;
+-------------------------------------+--------------------------------+---------------+-----------------+----------------+
; Assignment Name                     ; Value                          ; Default Value ; Entity Name     ; Section Id     ;
+-------------------------------------+--------------------------------+---------------+-----------------+----------------+
; COMPILER_SIGNATURE_ID               ; 27214219664430.168670173717604 ; --            ; --              ; --             ;
; EDA_GENERATE_FUNCTIONAL_NETLIST     ; On                             ; --            ; --              ; eda_simulation ;
; EDA_OUTPUT_DATA_FORMAT              ; Verilog Hdl                    ; --            ; --              ; eda_simulation ;
; EDA_SIMULATION_TOOL                 ; ModelSim-Altera (Verilog)      ; <None>        ; --              ; --             ;
; EDA_TIME_SCALE                      ; 1 ps                           ; --            ; --              ; eda_simulation ;
; MAX_CORE_JUNCTION_TEMP              ; 85                             ; --            ; --              ; --             ;
; MIN_CORE_JUNCTION_TEMP              ; 0                              ; --            ; --              ; --             ;
; PARTITION_COLOR                     ; 16764057                       ; --            ; counter_wload_6 ; Top            ;
; PARTITION_FITTER_PRESERVATION_LEVEL ; PLACEMENT_AND_ROUTING          ; --            ; counter_wload_6 ; Top            ;
; PARTITION_NETLIST_TYPE              ; SOURCE                         ; --            ; counter_wload_6 ; Top            ;
; PROJECT_OUTPUT_DIRECTORY            ; output_files                   ; --            ; --              ; --             ;
; TOP_LEVEL_ENTITY                    ; counter_wload_6                ; incrementer   ; --              ; --             ;
+-------------------------------------+--------------------------------+---------------+-----------------+----------------+


+-------------------------------------------------------------------------------------------------------------------------------+
; Flow Elapsed Time                                                                                                             ;
+---------------------------+--------------+-------------------------+---------------------+------------------------------------+
; Module Name               ; Elapsed Time ; Average Processors Used ; Peak Virtual Memory ; Total CPU Time (on all processors) ;
+---------------------------+--------------+-------------------------+---------------------+------------------------------------+
; Analysis & Synthesis      ; 00:00:01     ; 1.0                     ; 4635 MB             ; 00:00:01                           ;
; Fitter                    ; 00:00:07     ; 1.0                     ; 4973 MB             ; 00:00:06                           ;
; Assembler                 ; 00:00:02     ; 1.0                     ; 4588 MB             ; 00:00:02                           ;
; TimeQuest Timing Analyzer ; 00:00:01     ; 1.0                     ; 4544 MB             ; 00:00:01                           ;
; EDA Netlist Writer        ; 00:00:00     ; 1.0                     ; 4508 MB             ; 00:00:00                           ;
; EDA Netlist Writer        ; 00:00:00     ; 1.0                     ; 4516 MB             ; 00:00:00                           ;
; EDA Netlist Writer        ; 00:00:01     ; 1.0                     ; 4516 MB             ; 00:00:00                           ;
; EDA Netlist Writer        ; 00:00:00     ; 1.0                     ; 4516 MB             ; 00:00:00                           ;
; EDA Netlist Writer        ; 00:00:01     ; 1.0                     ; 4516 MB             ; 00:00:00                           ;
; Total                     ; 00:00:13     ; --                      ; --                  ; 00:00:10                           ;
+---------------------------+--------------+-------------------------+---------------------+------------------------------------+


+----------------------------------------------------------------------------------------+
; Flow OS Summary                                                                        ;
+---------------------------+------------------+-----------+------------+----------------+
; Module Name               ; Machine Hostname ; OS Name   ; OS Version ; Processor type ;
+---------------------------+------------------+-----------+------------+----------------+
; Analysis & Synthesis      ; DESKTOP-E4C5GEG  ; Windows 7 ; 6.2        ; x86_64         ;
; Fitter                    ; DESKTOP-E4C5GEG  ; Windows 7 ; 6.2        ; x86_64         ;
; Assembler                 ; DESKTOP-E4C5GEG  ; Windows 7 ; 6.2        ; x86_64         ;
; TimeQuest Timing Analyzer ; DESKTOP-E4C5GEG  ; Windows 7 ; 6.2        ; x86_64         ;
; EDA Netlist Writer        ; DESKTOP-E4C5GEG  ; Windows 7 ; 6.2        ; x86_64         ;
; EDA Netlist Writer        ; DESKTOP-E4C5GEG  ; Windows 7 ; 6.2        ; x86_64         ;
; EDA Netlist Writer        ; DESKTOP-E4C5GEG  ; Windows 7 ; 6.2        ; x86_64         ;
; EDA Netlist Writer        ; DESKTOP-E4C5GEG  ; Windows 7 ; 6.2        ; x86_64         ;
; EDA Netlist Writer        ; DESKTOP-E4C5GEG  ; Windows 7 ; 6.2        ; x86_64         ;
+---------------------------+------------------+-----------+------------+----------------+


------------
; Flow Log ;
------------
quartus_map --read_settings_files=on --write_settings_files=off incrementer -c incrementer
quartus_fit --read_settings_files=off --write_settings_files=off incrementer -c incrementer
quartus_asm --read_settings_files=off --write_settings_files=off incrementer -c incrementer
quartus_sta incrementer -c incrementer
quartus_eda --read_settings_files=off --write_settings_files=off incrementer -c incrementer
quartus_eda --gen_testbench --check_outputs=on --tool=modelsim_oem --format=verilog incrementer -c incrementer --vector_source=C:/altera/13.0sp1/Projeto_RTL/Incrementer/Waveform1.vwf --testbench_file=./simulation/qsim/incrementer.vt
quartus_eda --functional=on --simulation=on --tool=modelsim_oem --format=verilog incrementer -c incrementer
quartus_eda --gen_testbench --check_outputs=on --tool=modelsim_oem --format=verilog incrementer -c incrementer --vector_source=C:/altera/13.0sp1/Projeto_RTL/Incrementer/Waveform1.vwf --testbench_file=./simulation/qsim/incrementer.vt
quartus_eda --functional=on --simulation=on --tool=modelsim_oem --format=verilog incrementer -c incrementer



