Analysis & Synthesis report for Projeto_RTL
Fri Jun 23 19:09:23 2023
Quartus II 64-Bit Version 13.0.1 Build 232 06/12/2013 Service Pack 1 SJ Web Edition


---------------------
; Table of Contents ;
---------------------
  1. Legal Notice
  2. Analysis & Synthesis Summary
  3. Analysis & Synthesis Settings
  4. Parallel Compilation
  5. Analysis & Synthesis Messages



----------------
; Legal Notice ;
----------------
Copyright (C) 1991-2013 Altera Corporation
Your use of Altera Corporation's design tools, logic functions 
and other software and tools, and its AMPP partner logic 
functions, and any output files from any of the foregoing 
(including device programming or simulation files), and any 
associated documentation or information are expressly subject 
to the terms and conditions of the Altera Program License 
Subscription Agreement, Altera MegaCore Function License 
Agreement, or other applicable license agreement, including, 
without limitation, that your use is for the sole purpose of 
programming logic devices manufactured by Altera and sold by 
Altera or its authorized distributors.  Please refer to the 
applicable agreement for further details.



+--------------------------------------------------------------------------------------+
; Analysis & Synthesis Summary                                                         ;
+------------------------------------+-------------------------------------------------+
; Analysis & Synthesis Status        ; Failed - Fri Jun 23 19:09:23 2023               ;
; Quartus II 64-Bit Version          ; 13.0.1 Build 232 06/12/2013 SP 1 SJ Web Edition ;
; Revision Name                      ; Projeto_RTL                                     ;
; Top-level Entity Name              ; calculadora                                     ;
; Family                             ; Cyclone II                                      ;
; Total logic elements               ; N/A until Partition Merge                       ;
;     Total combinational functions  ; N/A until Partition Merge                       ;
;     Dedicated logic registers      ; N/A until Partition Merge                       ;
; Total registers                    ; N/A until Partition Merge                       ;
; Total pins                         ; N/A until Partition Merge                       ;
; Total virtual pins                 ; N/A until Partition Merge                       ;
; Total memory bits                  ; N/A until Partition Merge                       ;
; Embedded Multiplier 9-bit elements ; N/A until Partition Merge                       ;
; Total PLLs                         ; N/A until Partition Merge                       ;
+------------------------------------+-------------------------------------------------+


+----------------------------------------------------------------------------------------------------------------------+
; Analysis & Synthesis Settings                                                                                        ;
+----------------------------------------------------------------------------+--------------------+--------------------+
; Option                                                                     ; Setting            ; Default Value      ;
+----------------------------------------------------------------------------+--------------------+--------------------+
; Device                                                                     ; EP2C35F672C6       ;                    ;
; Top-level entity name                                                      ; calculadora        ; Projeto_RTL        ;
; Family name                                                                ; Cyclone II         ; Cyclone IV GX      ;
; Use smart compilation                                                      ; Off                ; Off                ;
; Enable parallel Assembler and TimeQuest Timing Analyzer during compilation ; On                 ; On                 ;
; Enable compact report table                                                ; Off                ; Off                ;
; Restructure Multiplexers                                                   ; Auto               ; Auto               ;
; Create Debugging Nodes for IP Cores                                        ; Off                ; Off                ;
; Preserve fewer node names                                                  ; On                 ; On                 ;
; Disable OpenCore Plus hardware evaluation                                  ; Off                ; Off                ;
; Verilog Version                                                            ; Verilog_2001       ; Verilog_2001       ;
; VHDL Version                                                               ; VHDL_1993          ; VHDL_1993          ;
; State Machine Processing                                                   ; Auto               ; Auto               ;
; Safe State Machine                                                         ; Off                ; Off                ;
; Extract Verilog State Machines                                             ; On                 ; On                 ;
; Extract VHDL State Machines                                                ; On                 ; On                 ;
; Ignore Verilog initial constructs                                          ; Off                ; Off                ;
; Iteration limit for constant Verilog loops                                 ; 5000               ; 5000               ;
; Iteration limit for non-constant Verilog loops                             ; 250                ; 250                ;
; Add Pass-Through Logic to Inferred RAMs                                    ; On                 ; On                 ;
; Infer RAMs from Raw Logic                                                  ; On                 ; On                 ;
; Parallel Synthesis                                                         ; On                 ; On                 ;
; DSP Block Balancing                                                        ; Auto               ; Auto               ;
; NOT Gate Push-Back                                                         ; On                 ; On                 ;
; Power-Up Don't Care                                                        ; On                 ; On                 ;
; Remove Redundant Logic Cells                                               ; Off                ; Off                ;
; Remove Duplicate Registers                                                 ; On                 ; On                 ;
; Ignore CARRY Buffers                                                       ; Off                ; Off                ;
; Ignore CASCADE Buffers                                                     ; Off                ; Off                ;
; Ignore GLOBAL Buffers                                                      ; Off                ; Off                ;
; Ignore ROW GLOBAL Buffers                                                  ; Off                ; Off                ;
; Ignore LCELL Buffers                                                       ; Off                ; Off                ;
; Ignore SOFT Buffers                                                        ; On                 ; On                 ;
; Limit AHDL Integers to 32 Bits                                             ; Off                ; Off                ;
; Optimization Technique                                                     ; Balanced           ; Balanced           ;
; Carry Chain Length                                                         ; 70                 ; 70                 ;
; Auto Carry Chains                                                          ; On                 ; On                 ;
; Auto Open-Drain Pins                                                       ; On                 ; On                 ;
; Perform WYSIWYG Primitive Resynthesis                                      ; Off                ; Off                ;
; Auto ROM Replacement                                                       ; On                 ; On                 ;
; Auto RAM Replacement                                                       ; On                 ; On                 ;
; Auto Shift Register Replacement                                            ; Auto               ; Auto               ;
; Allow Shift Register Merging across Hierarchies                            ; Auto               ; Auto               ;
; Auto Clock Enable Replacement                                              ; On                 ; On                 ;
; Strict RAM Replacement                                                     ; Off                ; Off                ;
; Allow Synchronous Control Signals                                          ; On                 ; On                 ;
; Force Use of Synchronous Clear Signals                                     ; Off                ; Off                ;
; Auto RAM to Logic Cell Conversion                                          ; Off                ; Off                ;
; Auto Resource Sharing                                                      ; Off                ; Off                ;
; Allow Any RAM Size For Recognition                                         ; Off                ; Off                ;
; Allow Any ROM Size For Recognition                                         ; Off                ; Off                ;
; Allow Any Shift Register Size For Recognition                              ; Off                ; Off                ;
; Use LogicLock Constraints during Resource Balancing                        ; On                 ; On                 ;
; Ignore translate_off and synthesis_off directives                          ; Off                ; Off                ;
; Timing-Driven Synthesis                                                    ; Off                ; Off                ;
; Report Parameter Settings                                                  ; On                 ; On                 ;
; Report Source Assignments                                                  ; On                 ; On                 ;
; Report Connectivity Checks                                                 ; On                 ; On                 ;
; Ignore Maximum Fan-Out Assignments                                         ; Off                ; Off                ;
; Synchronization Register Chain Length                                      ; 2                  ; 2                  ;
; PowerPlay Power Optimization                                               ; Normal compilation ; Normal compilation ;
; HDL message level                                                          ; Level2             ; Level2             ;
; Suppress Register Optimization Related Messages                            ; Off                ; Off                ;
; Number of Removed Registers Reported in Synthesis Report                   ; 5000               ; 5000               ;
; Number of Swept Nodes Reported in Synthesis Report                         ; 5000               ; 5000               ;
; Number of Inverted Registers Reported in Synthesis Report                  ; 100                ; 100                ;
; Clock MUX Protection                                                       ; On                 ; On                 ;
; Auto Gated Clock Conversion                                                ; Off                ; Off                ;
; Block Design Naming                                                        ; Auto               ; Auto               ;
; SDC constraint protection                                                  ; Off                ; Off                ;
; Synthesis Effort                                                           ; Auto               ; Auto               ;
; Shift Register Replacement - Allow Asynchronous Clear Signal               ; On                 ; On                 ;
; Pre-Mapping Resynthesis Optimization                                       ; Off                ; Off                ;
; Analysis & Synthesis Message Level                                         ; Medium             ; Medium             ;
; Disable Register Merging Across Hierarchies                                ; Auto               ; Auto               ;
; Resource Aware Inference For Block RAM                                     ; On                 ; On                 ;
; Synthesis Seed                                                             ; 1                  ; 1                  ;
+----------------------------------------------------------------------------+--------------------+--------------------+


Parallel compilation was disabled, but you have multiple processors available. Enable parallel compilation to reduce compilation time.
+-------------------------------------+
; Parallel Compilation                ;
+----------------------------+--------+
; Processors                 ; Number ;
+----------------------------+--------+
; Number detected on machine ; 12     ;
; Maximum allowed            ; 1      ;
+----------------------------+--------+


+-------------------------------+
; Analysis & Synthesis Messages ;
+-------------------------------+
Info: *******************************************************************
Info: Running Quartus II 64-Bit Analysis & Synthesis
    Info: Version 13.0.1 Build 232 06/12/2013 Service Pack 1 SJ Web Edition
    Info: Processing started: Fri Jun 23 19:09:22 2023
Info: Command: quartus_map --read_settings_files=on --write_settings_files=off Projeto_RTL -c Projeto_RTL
Warning (20028): Parallel compilation is not licensed and has been disabled
Info (12021): Found 2 design units, including 1 entities, in source file somador_subtrator/multiplexadores/mux_2x1_22.vhd
    Info (12022): Found design unit 1: mux_2x1_22-bhv
    Info (12023): Found entity 1: mux_2x1_22
Info (12021): Found 2 design units, including 1 entities, in source file somador_subtrator/registradores/reg_1x22.vhd
    Info (12022): Found design unit 1: reg_1x22-comp
    Info (12023): Found entity 1: reg_1x22
Info (12021): Found 2 design units, including 1 entities, in source file somador_subtrator/registradores/ffd.vhd
    Info (12022): Found design unit 1: ffd-bhv
    Info (12023): Found entity 1: ffd
Info (12021): Found 2 design units, including 1 entities, in source file somador_subtrator/somadores/sum_sub.vhd
    Info (12022): Found design unit 1: sum_sub-comp
    Info (12023): Found entity 1: sum_sub
Info (12021): Found 2 design units, including 1 entities, in source file somador_subtrator/somadores/full_adder_6.vhd
    Info (12022): Found design unit 1: full_adder_22-comp
    Info (12023): Found entity 1: full_adder_22
Info (12021): Found 2 design units, including 1 entities, in source file somador_subtrator/somadores/full_adder.vhd
    Info (12022): Found design unit 1: full_adder-behav
    Info (12023): Found entity 1: full_adder
Info (12021): Found 2 design units, including 1 entities, in source file somador_subtrator/somadores/adder.vhd
    Info (12022): Found design unit 1: adder-comp
    Info (12023): Found entity 1: adder
Info (12021): Found 2 design units, including 1 entities, in source file somador_subtrator/calculadora.vhd
    Info (12022): Found design unit 1: calculadora-comp
    Info (12023): Found entity 1: calculadora
Info (12021): Found 2 design units, including 1 entities, in source file timer/contadores/relogio/dias/counter_days_5.vhd
    Info (12022): Found design unit 1: counter_days_5-bhv
    Info (12023): Found entity 1: counter_days_5
Info (12021): Found 2 design units, including 1 entities, in source file timer/timer.vhd
    Info (12022): Found design unit 1: timer-behav
    Info (12023): Found entity 1: timer
Info (12021): Found 2 design units, including 1 entities, in source file timer/registradores/registrador 1x6/reg_1x6.vhd
    Info (12022): Found design unit 1: reg_1x6-comp
    Info (12023): Found entity 1: reg_1x6
Info (12021): Found 2 design units, including 1 entities, in source file timer/registradores/registrador 1x6/flip flop tipo d/ffd_6.vhd
    Info (12022): Found design unit 1: ffd_6-behav
    Info (12023): Found entity 1: ffd_6
Info (12021): Found 2 design units, including 1 entities, in source file timer/registradores/registrador 1x5/reg_1x5.vhd
    Info (12022): Found design unit 1: reg_1x5-comp
    Info (12023): Found entity 1: reg_1x5
Info (12021): Found 2 design units, including 1 entities, in source file timer/registradores/registrador 1x5/flip flop tipo d/ffd_5.vhd
    Info (12022): Found design unit 1: ffd_5-behav
    Info (12023): Found entity 1: ffd_5
Info (12021): Found 2 design units, including 1 entities, in source file timer/multiplexador/mux_2x1_6.vhd
    Info (12022): Found design unit 1: mux_2x1_6-behav
    Info (12023): Found entity 1: mux_2x1_6
Info (12021): Found 2 design units, including 1 entities, in source file timer/multiplexador/mux_2x1_5.vhd
    Info (12022): Found design unit 1: mux_2x1_5-behav
    Info (12023): Found entity 1: mux_2x1_5
Info (12021): Found 2 design units, including 1 entities, in source file timer/multiplexador/mux_2x1.vhd
    Info (12022): Found design unit 1: mux_2x1-behav
    Info (12023): Found entity 1: mux_2x1
Info (12021): Found 2 design units, including 1 entities, in source file timer/divisor de clock/divide_freq.vhd
    Info (12022): Found design unit 1: divide_freq-behav
    Info (12023): Found entity 1: divide_freq
Info (12021): Found 2 design units, including 1 entities, in source file timer/contadores/counter.vhd
    Info (12022): Found design unit 1: counter-rtl
    Info (12023): Found entity 1: counter
Info (12021): Found 2 design units, including 1 entities, in source file timer/contadores/somadores/half_adder5.vhd
    Info (12022): Found design unit 1: half_adder5-bhv
    Info (12023): Found entity 1: half_adder5
Info (12021): Found 2 design units, including 1 entities, in source file timer/contadores/somadores/half_adder_6.vhd
    Info (12022): Found design unit 1: half_adder_6-bhv
    Info (12023): Found entity 1: half_adder_6
Info (12021): Found 2 design units, including 1 entities, in source file timer/contadores/relogio/segundos/counter_seg_6.vhd
    Info (12022): Found design unit 1: counter_seg_6-bhv
    Info (12023): Found entity 1: counter_seg_6
Info (12021): Found 2 design units, including 1 entities, in source file timer/contadores/relogio/minutos/counter_min_6.vhd
    Info (12022): Found design unit 1: counter_min_6-bhv
    Info (12023): Found entity 1: counter_min_6
Info (12021): Found 2 design units, including 1 entities, in source file timer/contadores/relogio/horas/counter_hours_5.vhd
    Info (12022): Found design unit 1: counter_hours_5-bhv
    Info (12023): Found entity 1: counter_hours_5
Info (12021): Found 2 design units, including 1 entities, in source file timer/contadores/incrementador/incrementer5.vhd
    Info (12022): Found design unit 1: incrementer5-rtl
    Info (12023): Found entity 1: incrementer5
Info (12021): Found 2 design units, including 1 entities, in source file timer/contadores/incrementador/incrementer_6.vhd
    Info (12022): Found design unit 1: incrementer6-rtl
    Info (12023): Found entity 1: incrementer6
Info (12021): Found 2 design units, including 1 entities, in source file timer/comparador/comparator_6.vhd
    Info (12022): Found design unit 1: comparator_6-behav
    Info (12023): Found entity 1: comparator_6
Info (12021): Found 2 design units, including 1 entities, in source file timer/comparador/comparator_5.vhd
    Info (12022): Found design unit 1: comparator_5-behav
    Info (12023): Found entity 1: comparator_5
Info (12021): Found 2 design units, including 1 entities, in source file banco de registreadores/banco de registradores 8x22/bf_8x22.vhd
    Info (12022): Found design unit 1: bf_8x22-behav
    Info (12023): Found entity 1: bf_8x22
Info (12021): Found 2 design units, including 1 entities, in source file banco de registreadores/banco de registradores 8x22/registradores 8x22/reg_8x22.vhd
    Info (12022): Found design unit 1: reg_8x22-behav
    Info (12023): Found entity 1: reg_8x22
Info (12021): Found 2 design units, including 1 entities, in source file banco de registreadores/banco de registradores 8x22/registradores 8x22/latchd/latchd_22.vhd
    Info (12022): Found design unit 1: LatchD_22-behav
    Info (12023): Found entity 1: LatchD_22
Info (12021): Found 2 design units, including 1 entities, in source file banco de registreadores/banco de registradores 8x22/driver de 3 estados/tri_states_driver_22.vhd
    Info (12022): Found design unit 1: tri_states_driver_22-behav
    Info (12023): Found entity 1: tri_states_driver_22
Info (12021): Found 2 design units, including 1 entities, in source file banco de registreadores/banco de registradores 8x22/decodificador/decoder_3x8.vhd
    Info (12022): Found design unit 1: decoder_3x8-behav
    Info (12023): Found entity 1: decoder_3x8
Info (12021): Found 2 design units, including 1 entities, in source file banco de registreadores/banco de registradores 1x8/bf_8x1.vhd
    Info (12022): Found design unit 1: bf_8x1-behav
    Info (12023): Found entity 1: bf_8x1
Info (12021): Found 2 design units, including 1 entities, in source file banco de registreadores/banco de registradores 1x8/registradores 8x1/reg_8x1.vhd
    Info (12022): Found design unit 1: reg_8x1-behav
    Info (12023): Found entity 1: reg_8x1
Info (12021): Found 2 design units, including 1 entities, in source file banco de registreadores/banco de registradores 1x8/registradores 8x1/latchd/latchd.vhd
    Info (12022): Found design unit 1: LatchD-behav
    Info (12023): Found entity 1: LatchD
Info (12021): Found 2 design units, including 1 entities, in source file banco de registreadores/banco de registradores 1x8/driver de 3 estados/tri_states_driver.vhd
    Info (12022): Found design unit 1: tri_states_driver-behav
    Info (12023): Found entity 1: tri_states_driver
Info (12021): Found 2 design units, including 1 entities, in source file banco de registreadores/banco de registradores 1x8/decodificador/decoder_3x8.vhd
    Info (12022): Found design unit 1: dcd_3x8-behav
    Info (12023): Found entity 1: dcd_3x8
Error (10476): VHDL error at full_adder_6.vhd(42): type of identifier "a" does not agree with its usage as "std_logic" type File: C:/Users/Frank/OneDrive/햞ea de Trabalho/CD/cd_labs/cd-labs/Projeto_RTL/Somador_subtrator/Somadores/full_adder_6.vhd Line: 42
Error (10476): VHDL error at full_adder_6.vhd(43): type of identifier "b" does not agree with its usage as "std_logic" type File: C:/Users/Frank/OneDrive/햞ea de Trabalho/CD/cd_labs/cd-labs/Projeto_RTL/Somador_subtrator/Somadores/full_adder_6.vhd Line: 43
Error (10476): VHDL error at full_adder_6.vhd(45): type of identifier "fa_6bits_wires" does not agree with its usage as "std_logic" type File: C:/Users/Frank/OneDrive/햞ea de Trabalho/CD/cd_labs/cd-labs/Projeto_RTL/Somador_subtrator/Somadores/full_adder_6.vhd Line: 45
Error (10558): VHDL error at full_adder_6.vhd(45): cannot associate formal port "co" of mode "out" with an expression File: C:/Users/Frank/OneDrive/햞ea de Trabalho/CD/cd_labs/cd-labs/Projeto_RTL/Somador_subtrator/Somadores/full_adder_6.vhd Line: 45
Error (10476): VHDL error at full_adder_6.vhd(46): type of identifier "s" does not agree with its usage as "std_logic" type File: C:/Users/Frank/OneDrive/햞ea de Trabalho/CD/cd_labs/cd-labs/Projeto_RTL/Somador_subtrator/Somadores/full_adder_6.vhd Line: 46
Error (10558): VHDL error at full_adder_6.vhd(46): cannot associate formal port "s" of mode "out" with an expression File: C:/Users/Frank/OneDrive/햞ea de Trabalho/CD/cd_labs/cd-labs/Projeto_RTL/Somador_subtrator/Somadores/full_adder_6.vhd Line: 46
Error: Quartus II 64-Bit Analysis & Synthesis was unsuccessful. 6 errors, 1 warning
    Error: Peak virtual memory: 4626 megabytes
    Error: Processing ended: Fri Jun 23 19:09:23 2023
    Error: Elapsed time: 00:00:01
    Error: Total CPU time (on all processors): 00:00:01


