Analysis & Synthesis report for unid_control
Thu Jul 20 16:21:25 2023
Quartus II 64-Bit Version 13.0.1 Build 232 06/12/2013 Service Pack 1 SJ Web Edition


---------------------
; Table of Contents ;
---------------------
  1. Legal Notice
  2. Analysis & Synthesis Summary
  3. Analysis & Synthesis Settings
  4. Parallel Compilation
  5. Analysis & Synthesis Source Files Read
  6. Analysis & Synthesis Resource Usage Summary
  7. Analysis & Synthesis Resource Utilization by Entity
  8. General Register Statistics
  9. Parameter Settings for User Entity Instance: ireader:ir0
 10. Port Connectivity Checks: "cont_program:pc0"
 11. Elapsed Time Per Partition
 12. Analysis & Synthesis Messages



----------------
; Legal Notice ;
----------------
Copyright (C) 1991-2013 Altera Corporation
Your use of Altera Corporation's design tools, logic functions 
and other software and tools, and its AMPP partner logic 
functions, and any output files from any of the foregoing 
(including device programming or simulation files), and any 
associated documentation or information are expressly subject 
to the terms and conditions of the Altera Program License 
Subscription Agreement, Altera MegaCore Function License 
Agreement, or other applicable license agreement, including, 
without limitation, that your use is for the sole purpose of 
programming logic devices manufactured by Altera and sold by 
Altera or its authorized distributors.  Please refer to the 
applicable agreement for further details.



+--------------------------------------------------------------------------------------+
; Analysis & Synthesis Summary                                                         ;
+------------------------------------+-------------------------------------------------+
; Analysis & Synthesis Status        ; Successful - Thu Jul 20 16:21:25 2023           ;
; Quartus II 64-Bit Version          ; 13.0.1 Build 232 06/12/2013 SP 1 SJ Web Edition ;
; Revision Name                      ; unid_control                                    ;
; Top-level Entity Name              ; unid_control                                    ;
; Family                             ; Cyclone II                                      ;
; Total logic elements               ; 70                                              ;
;     Total combinational functions  ; 34                                              ;
;     Dedicated logic registers      ; 44                                              ;
; Total registers                    ; 44                                              ;
; Total pins                         ; 61                                              ;
; Total virtual pins                 ; 0                                               ;
; Total memory bits                  ; 0                                               ;
; Embedded Multiplier 9-bit elements ; 0                                               ;
; Total PLLs                         ; 0                                               ;
+------------------------------------+-------------------------------------------------+


+----------------------------------------------------------------------------------------------------------------------+
; Analysis & Synthesis Settings                                                                                        ;
+----------------------------------------------------------------------------+--------------------+--------------------+
; Option                                                                     ; Setting            ; Default Value      ;
+----------------------------------------------------------------------------+--------------------+--------------------+
; Device                                                                     ; EP2C35F672C6       ;                    ;
; Top-level entity name                                                      ; unid_control       ; unid_control       ;
; Family name                                                                ; Cyclone II         ; Cyclone IV GX      ;
; Use smart compilation                                                      ; Off                ; Off                ;
; Enable parallel Assembler and TimeQuest Timing Analyzer during compilation ; On                 ; On                 ;
; Enable compact report table                                                ; Off                ; Off                ;
; Restructure Multiplexers                                                   ; Auto               ; Auto               ;
; Create Debugging Nodes for IP Cores                                        ; Off                ; Off                ;
; Preserve fewer node names                                                  ; On                 ; On                 ;
; Disable OpenCore Plus hardware evaluation                                  ; Off                ; Off                ;
; Verilog Version                                                            ; Verilog_2001       ; Verilog_2001       ;
; VHDL Version                                                               ; VHDL_1993          ; VHDL_1993          ;
; State Machine Processing                                                   ; Auto               ; Auto               ;
; Safe State Machine                                                         ; Off                ; Off                ;
; Extract Verilog State Machines                                             ; On                 ; On                 ;
; Extract VHDL State Machines                                                ; On                 ; On                 ;
; Ignore Verilog initial constructs                                          ; Off                ; Off                ;
; Iteration limit for constant Verilog loops                                 ; 5000               ; 5000               ;
; Iteration limit for non-constant Verilog loops                             ; 250                ; 250                ;
; Add Pass-Through Logic to Inferred RAMs                                    ; On                 ; On                 ;
; Infer RAMs from Raw Logic                                                  ; On                 ; On                 ;
; Parallel Synthesis                                                         ; On                 ; On                 ;
; DSP Block Balancing                                                        ; Auto               ; Auto               ;
; NOT Gate Push-Back                                                         ; On                 ; On                 ;
; Power-Up Don't Care                                                        ; On                 ; On                 ;
; Remove Redundant Logic Cells                                               ; Off                ; Off                ;
; Remove Duplicate Registers                                                 ; On                 ; On                 ;
; Ignore CARRY Buffers                                                       ; Off                ; Off                ;
; Ignore CASCADE Buffers                                                     ; Off                ; Off                ;
; Ignore GLOBAL Buffers                                                      ; Off                ; Off                ;
; Ignore ROW GLOBAL Buffers                                                  ; Off                ; Off                ;
; Ignore LCELL Buffers                                                       ; Off                ; Off                ;
; Ignore SOFT Buffers                                                        ; On                 ; On                 ;
; Limit AHDL Integers to 32 Bits                                             ; Off                ; Off                ;
; Optimization Technique                                                     ; Balanced           ; Balanced           ;
; Carry Chain Length                                                         ; 70                 ; 70                 ;
; Auto Carry Chains                                                          ; On                 ; On                 ;
; Auto Open-Drain Pins                                                       ; On                 ; On                 ;
; Perform WYSIWYG Primitive Resynthesis                                      ; Off                ; Off                ;
; Auto ROM Replacement                                                       ; On                 ; On                 ;
; Auto RAM Replacement                                                       ; On                 ; On                 ;
; Auto Shift Register Replacement                                            ; Auto               ; Auto               ;
; Allow Shift Register Merging across Hierarchies                            ; Auto               ; Auto               ;
; Auto Clock Enable Replacement                                              ; On                 ; On                 ;
; Strict RAM Replacement                                                     ; Off                ; Off                ;
; Allow Synchronous Control Signals                                          ; On                 ; On                 ;
; Force Use of Synchronous Clear Signals                                     ; Off                ; Off                ;
; Auto RAM to Logic Cell Conversion                                          ; Off                ; Off                ;
; Auto Resource Sharing                                                      ; Off                ; Off                ;
; Allow Any RAM Size For Recognition                                         ; Off                ; Off                ;
; Allow Any ROM Size For Recognition                                         ; Off                ; Off                ;
; Allow Any Shift Register Size For Recognition                              ; Off                ; Off                ;
; Use LogicLock Constraints during Resource Balancing                        ; On                 ; On                 ;
; Ignore translate_off and synthesis_off directives                          ; Off                ; Off                ;
; Timing-Driven Synthesis                                                    ; Off                ; Off                ;
; Report Parameter Settings                                                  ; On                 ; On                 ;
; Report Source Assignments                                                  ; On                 ; On                 ;
; Report Connectivity Checks                                                 ; On                 ; On                 ;
; Ignore Maximum Fan-Out Assignments                                         ; Off                ; Off                ;
; Synchronization Register Chain Length                                      ; 2                  ; 2                  ;
; PowerPlay Power Optimization                                               ; Normal compilation ; Normal compilation ;
; HDL message level                                                          ; Level2             ; Level2             ;
; Suppress Register Optimization Related Messages                            ; Off                ; Off                ;
; Number of Removed Registers Reported in Synthesis Report                   ; 5000               ; 5000               ;
; Number of Swept Nodes Reported in Synthesis Report                         ; 5000               ; 5000               ;
; Number of Inverted Registers Reported in Synthesis Report                  ; 100                ; 100                ;
; Clock MUX Protection                                                       ; On                 ; On                 ;
; Auto Gated Clock Conversion                                                ; Off                ; Off                ;
; Block Design Naming                                                        ; Auto               ; Auto               ;
; SDC constraint protection                                                  ; Off                ; Off                ;
; Synthesis Effort                                                           ; Auto               ; Auto               ;
; Shift Register Replacement - Allow Asynchronous Clear Signal               ; On                 ; On                 ;
; Pre-Mapping Resynthesis Optimization                                       ; Off                ; Off                ;
; Analysis & Synthesis Message Level                                         ; Medium             ; Medium             ;
; Disable Register Merging Across Hierarchies                                ; Auto               ; Auto               ;
; Resource Aware Inference For Block RAM                                     ; On                 ; On                 ;
; Synthesis Seed                                                             ; 1                  ; 1                  ;
+----------------------------------------------------------------------------+--------------------+--------------------+


Parallel compilation was disabled, but you have multiple processors available. Enable parallel compilation to reduce compilation time.
+-------------------------------------+
; Parallel Compilation                ;
+----------------------------+--------+
; Processors                 ; Number ;
+----------------------------+--------+
; Number detected on machine ; 12     ;
; Maximum allowed            ; 1      ;
+----------------------------+--------+


+----------------------------------------------------------------------------------------------------------------------------------------------------------------------------------------------------------------+
; Analysis & Synthesis Source Files Read                                                                                                                                                                         ;
+-----------------------------------------------------------+-----------------+-----------------+------------------------------------------------------------------------------------------------------+---------+
; File Name with User-Entered Path                          ; Used in Netlist ; File Type       ; File Name with Absolute Path                                                                         ; Library ;
+-----------------------------------------------------------+-----------------+-----------------+------------------------------------------------------------------------------------------------------+---------+
; Controller/Controller/logica combinacional/comb_logic.vhd ; yes             ; User VHDL File  ; C:/altera/13.0sp1/Processador/Control Unit/Controller/Controller/logica combinacional/comb_logic.vhd ;         ;
; Controller/Datapath/register.vhd                          ; yes             ; User VHDL File  ; C:/altera/13.0sp1/Processador/Control Unit/Controller/Datapath/register.vhd                          ;         ;
; Controller/Datapath/regd.vhd                              ; yes             ; User VHDL File  ; C:/altera/13.0sp1/Processador/Control Unit/Controller/Datapath/regd.vhd                              ;         ;
; Controller/Datapath/reg4bits.vhd                          ; yes             ; User VHDL File  ; C:/altera/13.0sp1/Processador/Control Unit/Controller/Datapath/reg4bits.vhd                          ;         ;
; Controller/Datapath/datapath.vhd                          ; yes             ; User VHDL File  ; C:/altera/13.0sp1/Processador/Control Unit/Controller/Datapath/datapath.vhd                          ;         ;
; Controller/Controller/controlador.vhd                     ; yes             ; User VHDL File  ; C:/altera/13.0sp1/Processador/Control Unit/Controller/Controller/controlador.vhd                     ;         ;
; PC/cont_program.vhd                                       ; yes             ; User VHDL File  ; C:/altera/13.0sp1/Processador/Control Unit/PC/cont_program.vhd                                       ;         ;
; Controller/controle.vhd                                   ; yes             ; User VHDL File  ; C:/altera/13.0sp1/Processador/Control Unit/Controller/controle.vhd                                   ;         ;
; unid_control.vhd                                          ; yes             ; User VHDL File  ; C:/altera/13.0sp1/Processador/Control Unit/unid_control.vhd                                          ;         ;
; ireader.vhd                                               ; yes             ; User VHDL File  ; C:/altera/13.0sp1/Processador/Control Unit/ireader.vhd                                               ;         ;
; ffd1bit.vhd                                               ; yes             ; User VHDL File  ; C:/altera/13.0sp1/Processador/Control Unit/ffd1bit.vhd                                               ;         ;
+-----------------------------------------------------------+-----------------+-----------------+------------------------------------------------------------------------------------------------------+---------+


+-----------------------------------------------------+
; Analysis & Synthesis Resource Usage Summary         ;
+---------------------------------------------+-------+
; Resource                                    ; Usage ;
+---------------------------------------------+-------+
; Estimated Total logic elements              ; 70    ;
;                                             ;       ;
; Total combinational functions               ; 34    ;
; Logic element usage by number of LUT inputs ;       ;
;     -- 4 input functions                    ; 26    ;
;     -- 3 input functions                    ; 4     ;
;     -- <=2 input functions                  ; 4     ;
;                                             ;       ;
; Logic elements by mode                      ;       ;
;     -- normal mode                          ; 34    ;
;     -- arithmetic mode                      ; 0     ;
;                                             ;       ;
; Total registers                             ; 44    ;
;     -- Dedicated logic registers            ; 44    ;
;     -- I/O registers                        ; 0     ;
;                                             ;       ;
; I/O pins                                    ; 61    ;
; Embedded Multiplier 9-bit elements          ; 0     ;
; Maximum fan-out node                        ; clk   ;
; Maximum fan-out                             ; 44    ;
; Total fan-out                               ; 274   ;
; Average fan-out                             ; 1.97  ;
+---------------------------------------------+-------+


+-----------------------------------------------------------------------------------------------------------------------------------------------------------------------------------------------------------------------------------+
; Analysis & Synthesis Resource Utilization by Entity                                                                                                                                                                               ;
+-----------------------------+-------------------+--------------+-------------+--------------+---------+-----------+------+--------------+--------------------------------------------------------------------------+--------------+
; Compilation Hierarchy Node  ; LC Combinationals ; LC Registers ; Memory Bits ; DSP Elements ; DSP 9x9 ; DSP 18x18 ; Pins ; Virtual Pins ; Full Hierarchy Name                                                      ; Library Name ;
+-----------------------------+-------------------+--------------+-------------+--------------+---------+-----------+------+--------------+--------------------------------------------------------------------------+--------------+
; |unid_control               ; 34 (0)            ; 44 (0)       ; 0           ; 0            ; 0       ; 0         ; 61   ; 0            ; |unid_control                                                            ; work         ;
;    |cont_program:pc0|       ; 6 (6)             ; 4 (4)        ; 0           ; 0            ; 0       ; 0         ; 0    ; 0            ; |unid_control|cont_program:pc0                                           ; work         ;
;    |controle:ctrl0|         ; 28 (0)            ; 24 (0)       ; 0           ; 0            ; 0       ; 0         ; 0    ; 0            ; |unid_control|controle:ctrl0                                             ; work         ;
;       |controlador:ctr0|    ; 28 (0)            ; 4 (0)        ; 0           ; 0            ; 0       ; 0         ; 0    ; 0            ; |unid_control|controle:ctrl0|controlador:ctr0                            ; work         ;
;          |comb_logic:cl|    ; 28 (28)           ; 0 (0)        ; 0           ; 0            ; 0       ; 0         ; 0    ; 0            ; |unid_control|controle:ctrl0|controlador:ctr0|comb_logic:cl              ; work         ;
;          |reg_states:reg|   ; 0 (0)             ; 4 (0)        ; 0           ; 0            ; 0       ; 0         ; 0    ; 0            ; |unid_control|controle:ctrl0|controlador:ctr0|reg_states:reg             ; work         ;
;             |ffd1bit:FF0|   ; 0 (0)             ; 1 (1)        ; 0           ; 0            ; 0       ; 0         ; 0    ; 0            ; |unid_control|controle:ctrl0|controlador:ctr0|reg_states:reg|ffd1bit:FF0 ; work         ;
;             |ffd1bit:FF1|   ; 0 (0)             ; 1 (1)        ; 0           ; 0            ; 0       ; 0         ; 0    ; 0            ; |unid_control|controle:ctrl0|controlador:ctr0|reg_states:reg|ffd1bit:FF1 ; work         ;
;             |ffd1bit:FF2|   ; 0 (0)             ; 1 (1)        ; 0           ; 0            ; 0       ; 0         ; 0    ; 0            ; |unid_control|controle:ctrl0|controlador:ctr0|reg_states:reg|ffd1bit:FF2 ; work         ;
;             |ffd1bit:FF3|   ; 0 (0)             ; 1 (1)        ; 0           ; 0            ; 0       ; 0         ; 0    ; 0            ; |unid_control|controle:ctrl0|controlador:ctr0|reg_states:reg|ffd1bit:FF3 ; work         ;
;       |datapath_control:dp| ; 0 (0)             ; 20 (0)       ; 0           ; 0            ; 0       ; 0         ; 0    ; 0            ; |unid_control|controle:ctrl0|datapath_control:dp                         ; work         ;
;          |reg4bits:Ra|      ; 0 (0)             ; 4 (0)        ; 0           ; 0            ; 0       ; 0         ; 0    ; 0            ; |unid_control|controle:ctrl0|datapath_control:dp|reg4bits:Ra             ; work         ;
;             |ffd1bit:FF0|   ; 0 (0)             ; 1 (1)        ; 0           ; 0            ; 0       ; 0         ; 0    ; 0            ; |unid_control|controle:ctrl0|datapath_control:dp|reg4bits:Ra|ffd1bit:FF0 ; work         ;
;             |ffd1bit:FF1|   ; 0 (0)             ; 1 (1)        ; 0           ; 0            ; 0       ; 0         ; 0    ; 0            ; |unid_control|controle:ctrl0|datapath_control:dp|reg4bits:Ra|ffd1bit:FF1 ; work         ;
;             |ffd1bit:FF2|   ; 0 (0)             ; 1 (1)        ; 0           ; 0            ; 0       ; 0         ; 0    ; 0            ; |unid_control|controle:ctrl0|datapath_control:dp|reg4bits:Ra|ffd1bit:FF2 ; work         ;
;             |ffd1bit:FF3|   ; 0 (0)             ; 1 (1)        ; 0           ; 0            ; 0       ; 0         ; 0    ; 0            ; |unid_control|controle:ctrl0|datapath_control:dp|reg4bits:Ra|ffd1bit:FF3 ; work         ;
;          |reg4bits:Rb|      ; 0 (0)             ; 4 (0)        ; 0           ; 0            ; 0       ; 0         ; 0    ; 0            ; |unid_control|controle:ctrl0|datapath_control:dp|reg4bits:Rb             ; work         ;
;             |ffd1bit:FF0|   ; 0 (0)             ; 1 (1)        ; 0           ; 0            ; 0       ; 0         ; 0    ; 0            ; |unid_control|controle:ctrl0|datapath_control:dp|reg4bits:Rb|ffd1bit:FF0 ; work         ;
;             |ffd1bit:FF1|   ; 0 (0)             ; 1 (1)        ; 0           ; 0            ; 0       ; 0         ; 0    ; 0            ; |unid_control|controle:ctrl0|datapath_control:dp|reg4bits:Rb|ffd1bit:FF1 ; work         ;
;             |ffd1bit:FF2|   ; 0 (0)             ; 1 (1)        ; 0           ; 0            ; 0       ; 0         ; 0    ; 0            ; |unid_control|controle:ctrl0|datapath_control:dp|reg4bits:Rb|ffd1bit:FF2 ; work         ;
;             |ffd1bit:FF3|   ; 0 (0)             ; 1 (1)        ; 0           ; 0            ; 0       ; 0         ; 0    ; 0            ; |unid_control|controle:ctrl0|datapath_control:dp|reg4bits:Rb|ffd1bit:FF3 ; work         ;
;          |reg4bits:Rc|      ; 0 (0)             ; 4 (0)        ; 0           ; 0            ; 0       ; 0         ; 0    ; 0            ; |unid_control|controle:ctrl0|datapath_control:dp|reg4bits:Rc             ; work         ;
;             |ffd1bit:FF0|   ; 0 (0)             ; 1 (1)        ; 0           ; 0            ; 0       ; 0         ; 0    ; 0            ; |unid_control|controle:ctrl0|datapath_control:dp|reg4bits:Rc|ffd1bit:FF0 ; work         ;
;             |ffd1bit:FF1|   ; 0 (0)             ; 1 (1)        ; 0           ; 0            ; 0       ; 0         ; 0    ; 0            ; |unid_control|controle:ctrl0|datapath_control:dp|reg4bits:Rc|ffd1bit:FF1 ; work         ;
;             |ffd1bit:FF2|   ; 0 (0)             ; 1 (1)        ; 0           ; 0            ; 0       ; 0         ; 0    ; 0            ; |unid_control|controle:ctrl0|datapath_control:dp|reg4bits:Rc|ffd1bit:FF2 ; work         ;
;             |ffd1bit:FF3|   ; 0 (0)             ; 1 (1)        ; 0           ; 0            ; 0       ; 0         ; 0    ; 0            ; |unid_control|controle:ctrl0|datapath_control:dp|reg4bits:Rc|ffd1bit:FF3 ; work         ;
;          |regd:d|           ; 0 (0)             ; 8 (0)        ; 0           ; 0            ; 0       ; 0         ; 0    ; 0            ; |unid_control|controle:ctrl0|datapath_control:dp|regd:d                  ; work         ;
;             |ffd1bit:FF0|   ; 0 (0)             ; 1 (1)        ; 0           ; 0            ; 0       ; 0         ; 0    ; 0            ; |unid_control|controle:ctrl0|datapath_control:dp|regd:d|ffd1bit:FF0      ; work         ;
;             |ffd1bit:FF1|   ; 0 (0)             ; 1 (1)        ; 0           ; 0            ; 0       ; 0         ; 0    ; 0            ; |unid_control|controle:ctrl0|datapath_control:dp|regd:d|ffd1bit:FF1      ; work         ;
;             |ffd1bit:FF2|   ; 0 (0)             ; 1 (1)        ; 0           ; 0            ; 0       ; 0         ; 0    ; 0            ; |unid_control|controle:ctrl0|datapath_control:dp|regd:d|ffd1bit:FF2      ; work         ;
;             |ffd1bit:FF3|   ; 0 (0)             ; 1 (1)        ; 0           ; 0            ; 0       ; 0         ; 0    ; 0            ; |unid_control|controle:ctrl0|datapath_control:dp|regd:d|ffd1bit:FF3      ; work         ;
;             |ffd1bit:FF4|   ; 0 (0)             ; 1 (1)        ; 0           ; 0            ; 0       ; 0         ; 0    ; 0            ; |unid_control|controle:ctrl0|datapath_control:dp|regd:d|ffd1bit:FF4      ; work         ;
;             |ffd1bit:FF5|   ; 0 (0)             ; 1 (1)        ; 0           ; 0            ; 0       ; 0         ; 0    ; 0            ; |unid_control|controle:ctrl0|datapath_control:dp|regd:d|ffd1bit:FF5      ; work         ;
;             |ffd1bit:FF6|   ; 0 (0)             ; 1 (1)        ; 0           ; 0            ; 0       ; 0         ; 0    ; 0            ; |unid_control|controle:ctrl0|datapath_control:dp|regd:d|ffd1bit:FF6      ; work         ;
;             |ffd1bit:FF7|   ; 0 (0)             ; 1 (1)        ; 0           ; 0            ; 0       ; 0         ; 0    ; 0            ; |unid_control|controle:ctrl0|datapath_control:dp|regd:d|ffd1bit:FF7      ; work         ;
;    |ireader:ir0|            ; 0 (0)             ; 16 (16)      ; 0           ; 0            ; 0       ; 0         ; 0    ; 0            ; |unid_control|ireader:ir0                                                ; work         ;
+-----------------------------+-------------------+--------------+-------------+--------------+---------+-----------+------+--------------+--------------------------------------------------------------------------+--------------+
Note: For table entries with two numbers listed, the numbers in parentheses indicate the number of resources of the given type used by the specific entity alone. The numbers listed outside of parentheses indicate the total resources of the given type used by the specific entity and all of its sub-entities in the hierarchy.


+------------------------------------------------------+
; General Register Statistics                          ;
+----------------------------------------------+-------+
; Statistic                                    ; Value ;
+----------------------------------------------+-------+
; Total registers                              ; 44    ;
; Number of registers using Synchronous Clear  ; 0     ;
; Number of registers using Synchronous Load   ; 0     ;
; Number of registers using Asynchronous Clear ; 4     ;
; Number of registers using Asynchronous Load  ; 0     ;
; Number of registers using Clock Enable       ; 17    ;
; Number of registers using Preset             ; 0     ;
+----------------------------------------------+-------+


+----------------------------------------------------------+
; Parameter Settings for User Entity Instance: ireader:ir0 ;
+----------------+-------+---------------------------------+
; Parameter Name ; Value ; Type                            ;
+----------------+-------+---------------------------------+
; ir_width       ; 16    ; Signed Integer                  ;
+----------------+-------+---------------------------------+
Note: In order to hide this table in the UI and the text report file, please set the "Show Parameter Settings in Synthesis Report" option in "Analysis and Synthesis Settings -> More Settings" to "Off".


+------------------------------------------------------------------------------------------------------------------------------------------------------------------------------+
; Port Connectivity Checks: "cont_program:pc0"                                                                                                                                 ;
+------------+-------+----------+----------------------------------------------------------------------------------------------------------------------------------------------+
; Port       ; Type  ; Severity ; Details                                                                                                                                      ;
+------------+-------+----------+----------------------------------------------------------------------------------------------------------------------------------------------+
; input_data ; Input ; Warning  ; Declared by entity but not connected by instance. If a default value exists, it will be used.  Otherwise, the port will be connected to GND. ;
+------------+-------+----------+----------------------------------------------------------------------------------------------------------------------------------------------+


+-------------------------------+
; Elapsed Time Per Partition    ;
+----------------+--------------+
; Partition Name ; Elapsed Time ;
+----------------+--------------+
; Top            ; 00:00:00     ;
+----------------+--------------+


+-------------------------------+
; Analysis & Synthesis Messages ;
+-------------------------------+
Info: *******************************************************************
Info: Running Quartus II 64-Bit Analysis & Synthesis
    Info: Version 13.0.1 Build 232 06/12/2013 Service Pack 1 SJ Web Edition
    Info: Processing started: Thu Jul 20 16:21:24 2023
Info: Command: quartus_map --read_settings_files=on --write_settings_files=off unid_control -c unid_control
Warning (20028): Parallel compilation is not licensed and has been disabled
Info (12021): Found 2 design units, including 1 entities, in source file controller/controller/logica combinacional/comb_logic.vhd
    Info (12022): Found design unit 1: comb_logic-behav
    Info (12023): Found entity 1: comb_logic
Info (12021): Found 0 design units, including 0 entities, in source file controller/controller/registrador/register.vhd
Info (12021): Found 2 design units, including 1 entities, in source file ir/ir.vhd
    Info (12022): Found design unit 1: ir-Behavioral
    Info (12023): Found entity 1: ir
Info (12021): Found 2 design units, including 1 entities, in source file controller/datapath/register.vhd
    Info (12022): Found design unit 1: reg_states-Behavioral
    Info (12023): Found entity 1: reg_states
Info (12021): Found 2 design units, including 1 entities, in source file controller/datapath/regd.vhd
    Info (12022): Found design unit 1: regd-Behavioral
    Info (12023): Found entity 1: regd
Info (12021): Found 2 design units, including 1 entities, in source file controller/datapath/reg4bits.vhd
    Info (12022): Found design unit 1: reg4bits-Behavioral
    Info (12023): Found entity 1: reg4bits
Info (12021): Found 2 design units, including 1 entities, in source file controller/datapath/datapath.vhd
    Info (12022): Found design unit 1: datapath_control-Behavioral
    Info (12023): Found entity 1: datapath_control
Info (12021): Found 2 design units, including 1 entities, in source file controller/controller/controlador.vhd
    Info (12022): Found design unit 1: controlador-Behavioral
    Info (12023): Found entity 1: controlador
Info (12021): Found 2 design units, including 1 entities, in source file pc/cont_program.vhd
    Info (12022): Found design unit 1: cont_program-Behavioral
    Info (12023): Found entity 1: cont_program
Info (12021): Found 2 design units, including 1 entities, in source file controller/controle.vhd
    Info (12022): Found design unit 1: controle-Behavioral
    Info (12023): Found entity 1: controle
Info (12021): Found 2 design units, including 1 entities, in source file unid_control.vhd
    Info (12022): Found design unit 1: unid_control-Behavioral
    Info (12023): Found entity 1: unid_control
Info (12021): Found 2 design units, including 1 entities, in source file ireader.vhd
    Info (12022): Found design unit 1: ireader-Behavioral
    Info (12023): Found entity 1: ireader
Info (12021): Found 2 design units, including 1 entities, in source file ffd1bit.vhd
    Info (12022): Found design unit 1: ffd1bit-Behavioral
    Info (12023): Found entity 1: ffd1bit
Info (12127): Elaborating entity "unid_control" for the top level hierarchy
Info (12128): Elaborating entity "cont_program" for hierarchy "cont_program:pc0"
Info (12128): Elaborating entity "ireader" for hierarchy "ireader:ir0"
Info (12128): Elaborating entity "controle" for hierarchy "controle:ctrl0"
Info (12128): Elaborating entity "controlador" for hierarchy "controle:ctrl0|controlador:ctr0"
Info (12128): Elaborating entity "comb_logic" for hierarchy "controle:ctrl0|controlador:ctr0|comb_logic:cl"
Warning (10541): VHDL Signal Declaration warning at comb_logic.vhd(41): used implicit default value for signal "alu_s1" because signal was never assigned a value or an explicit default value. Use of implicit default value may introduce unintended design optimizations.
Info (12128): Elaborating entity "reg_states" for hierarchy "controle:ctrl0|controlador:ctr0|reg_states:reg"
Info (12128): Elaborating entity "ffd1bit" for hierarchy "controle:ctrl0|controlador:ctr0|reg_states:reg|ffd1bit:FF0"
Info (12128): Elaborating entity "datapath_control" for hierarchy "controle:ctrl0|datapath_control:dp"
Info (12128): Elaborating entity "reg4bits" for hierarchy "controle:ctrl0|datapath_control:dp|reg4bits:Ra"
Info (12128): Elaborating entity "regd" for hierarchy "controle:ctrl0|datapath_control:dp|regd:d"
Warning (12241): 1 hierarchies have connectivity warnings - see the Connectivity Checks report folder
Warning (13024): Output pins are stuck at VCC or GND
    Warning (13410): Pin "alu_s1" is stuck at GND
Info (16010): Generating hard_block partition "hard_block:auto_generated_inst"
    Info (16011): Adding 0 node(s), including 0 DDIO, 0 PLL, 0 transceiver and 0 LCELL
Info (21057): Implemented 131 device resources after synthesis - the final resource count might be different
    Info (21058): Implemented 19 input pins
    Info (21059): Implemented 42 output pins
    Info (21061): Implemented 70 logic cells
Info: Quartus II 64-Bit Analysis & Synthesis was successful. 0 errors, 5 warnings
    Info: Peak virtual memory: 4636 megabytes
    Info: Processing ended: Thu Jul 20 16:21:25 2023
    Info: Elapsed time: 00:00:01
    Info: Total CPU time (on all processors): 00:00:01


