Analysis & Synthesis report for calculadora
Fri Jun 23 19:55:49 2023
Quartus II 64-Bit Version 13.0.1 Build 232 06/12/2013 Service Pack 1 SJ Web Edition


---------------------
; Table of Contents ;
---------------------
  1. Legal Notice
  2. Analysis & Synthesis Summary
  3. Analysis & Synthesis Settings
  4. Parallel Compilation
  5. Analysis & Synthesis Source Files Read
  6. Analysis & Synthesis Resource Usage Summary
  7. Analysis & Synthesis Resource Utilization by Entity
  8. General Register Statistics
  9. Parameter Settings for User Entity Instance: alu:alu0|sum_6:sum_60
 10. Parameter Settings for User Entity Instance: alu:alu0|sum_6:sum_60|full_adder_6:inst0_full_adder_6bits
 11. Parameter Settings for User Entity Instance: alu:alu0|sum_6:sum_60|full_adder_6:inst0_full_adder_6bits|full_adder:inst0_fa
 12. Parameter Settings for User Entity Instance: alu:alu0|sum_6:sum_60|full_adder_6:inst0_full_adder_6bits|full_adder:inst1_fa
 13. Parameter Settings for User Entity Instance: alu:alu0|sum_6:sum_60|full_adder_6:inst0_full_adder_6bits|full_adder:inst2_fa
 14. Parameter Settings for User Entity Instance: alu:alu0|sum_6:sum_60|full_adder_6:inst0_full_adder_6bits|full_adder:inst3_fa
 15. Parameter Settings for User Entity Instance: alu:alu0|sum_6:sum_60|full_adder_6:inst0_full_adder_6bits|full_adder:inst4_fa
 16. Parameter Settings for User Entity Instance: alu:alu0|sum_6:sum_60|full_adder_6:inst0_full_adder_6bits|full_adder:inst5_fa
 17. Port Connectivity Checks: "reg_6:reg_60"
 18. Port Connectivity Checks: "alu:alu0|sum_6:sum_60"
 19. Elapsed Time Per Partition
 20. Analysis & Synthesis Messages



----------------
; Legal Notice ;
----------------
Copyright (C) 1991-2013 Altera Corporation
Your use of Altera Corporation's design tools, logic functions 
and other software and tools, and its AMPP partner logic 
functions, and any output files from any of the foregoing 
(including device programming or simulation files), and any 
associated documentation or information are expressly subject 
to the terms and conditions of the Altera Program License 
Subscription Agreement, Altera MegaCore Function License 
Agreement, or other applicable license agreement, including, 
without limitation, that your use is for the sole purpose of 
programming logic devices manufactured by Altera and sold by 
Altera or its authorized distributors.  Please refer to the 
applicable agreement for further details.



+--------------------------------------------------------------------------------------+
; Analysis & Synthesis Summary                                                         ;
+------------------------------------+-------------------------------------------------+
; Analysis & Synthesis Status        ; Successful - Fri Jun 23 19:55:49 2023           ;
; Quartus II 64-Bit Version          ; 13.0.1 Build 232 06/12/2013 SP 1 SJ Web Edition ;
; Revision Name                      ; calculadora                                     ;
; Top-level Entity Name              ; calculadora                                     ;
; Family                             ; Cyclone II                                      ;
; Total logic elements               ; 35                                              ;
;     Total combinational functions  ; 35                                              ;
;     Dedicated logic registers      ; 6                                               ;
; Total registers                    ; 6                                               ;
; Total pins                         ; 23                                              ;
; Total virtual pins                 ; 0                                               ;
; Total memory bits                  ; 0                                               ;
; Embedded Multiplier 9-bit elements ; 0                                               ;
; Total PLLs                         ; 0                                               ;
+------------------------------------+-------------------------------------------------+


+----------------------------------------------------------------------------------------------------------------------+
; Analysis & Synthesis Settings                                                                                        ;
+----------------------------------------------------------------------------+--------------------+--------------------+
; Option                                                                     ; Setting            ; Default Value      ;
+----------------------------------------------------------------------------+--------------------+--------------------+
; Device                                                                     ; EP2C70F672C6       ;                    ;
; Top-level entity name                                                      ; calculadora        ; calculadora        ;
; Family name                                                                ; Cyclone II         ; Cyclone IV GX      ;
; Use smart compilation                                                      ; Off                ; Off                ;
; Enable parallel Assembler and TimeQuest Timing Analyzer during compilation ; On                 ; On                 ;
; Enable compact report table                                                ; Off                ; Off                ;
; Restructure Multiplexers                                                   ; Auto               ; Auto               ;
; Create Debugging Nodes for IP Cores                                        ; Off                ; Off                ;
; Preserve fewer node names                                                  ; On                 ; On                 ;
; Disable OpenCore Plus hardware evaluation                                  ; Off                ; Off                ;
; Verilog Version                                                            ; Verilog_2001       ; Verilog_2001       ;
; VHDL Version                                                               ; VHDL_1993          ; VHDL_1993          ;
; State Machine Processing                                                   ; Auto               ; Auto               ;
; Safe State Machine                                                         ; Off                ; Off                ;
; Extract Verilog State Machines                                             ; On                 ; On                 ;
; Extract VHDL State Machines                                                ; On                 ; On                 ;
; Ignore Verilog initial constructs                                          ; Off                ; Off                ;
; Iteration limit for constant Verilog loops                                 ; 5000               ; 5000               ;
; Iteration limit for non-constant Verilog loops                             ; 250                ; 250                ;
; Add Pass-Through Logic to Inferred RAMs                                    ; On                 ; On                 ;
; Infer RAMs from Raw Logic                                                  ; On                 ; On                 ;
; Parallel Synthesis                                                         ; On                 ; On                 ;
; DSP Block Balancing                                                        ; Auto               ; Auto               ;
; NOT Gate Push-Back                                                         ; On                 ; On                 ;
; Power-Up Don't Care                                                        ; On                 ; On                 ;
; Remove Redundant Logic Cells                                               ; Off                ; Off                ;
; Remove Duplicate Registers                                                 ; On                 ; On                 ;
; Ignore CARRY Buffers                                                       ; Off                ; Off                ;
; Ignore CASCADE Buffers                                                     ; Off                ; Off                ;
; Ignore GLOBAL Buffers                                                      ; Off                ; Off                ;
; Ignore ROW GLOBAL Buffers                                                  ; Off                ; Off                ;
; Ignore LCELL Buffers                                                       ; Off                ; Off                ;
; Ignore SOFT Buffers                                                        ; On                 ; On                 ;
; Limit AHDL Integers to 32 Bits                                             ; Off                ; Off                ;
; Optimization Technique                                                     ; Balanced           ; Balanced           ;
; Carry Chain Length                                                         ; 70                 ; 70                 ;
; Auto Carry Chains                                                          ; On                 ; On                 ;
; Auto Open-Drain Pins                                                       ; On                 ; On                 ;
; Perform WYSIWYG Primitive Resynthesis                                      ; Off                ; Off                ;
; Auto ROM Replacement                                                       ; On                 ; On                 ;
; Auto RAM Replacement                                                       ; On                 ; On                 ;
; Auto Shift Register Replacement                                            ; Auto               ; Auto               ;
; Allow Shift Register Merging across Hierarchies                            ; Auto               ; Auto               ;
; Auto Clock Enable Replacement                                              ; On                 ; On                 ;
; Strict RAM Replacement                                                     ; Off                ; Off                ;
; Allow Synchronous Control Signals                                          ; On                 ; On                 ;
; Force Use of Synchronous Clear Signals                                     ; Off                ; Off                ;
; Auto RAM to Logic Cell Conversion                                          ; Off                ; Off                ;
; Auto Resource Sharing                                                      ; Off                ; Off                ;
; Allow Any RAM Size For Recognition                                         ; Off                ; Off                ;
; Allow Any ROM Size For Recognition                                         ; Off                ; Off                ;
; Allow Any Shift Register Size For Recognition                              ; Off                ; Off                ;
; Use LogicLock Constraints during Resource Balancing                        ; On                 ; On                 ;
; Ignore translate_off and synthesis_off directives                          ; Off                ; Off                ;
; Timing-Driven Synthesis                                                    ; Off                ; Off                ;
; Report Parameter Settings                                                  ; On                 ; On                 ;
; Report Source Assignments                                                  ; On                 ; On                 ;
; Report Connectivity Checks                                                 ; On                 ; On                 ;
; Ignore Maximum Fan-Out Assignments                                         ; Off                ; Off                ;
; Synchronization Register Chain Length                                      ; 2                  ; 2                  ;
; PowerPlay Power Optimization                                               ; Normal compilation ; Normal compilation ;
; HDL message level                                                          ; Level2             ; Level2             ;
; Suppress Register Optimization Related Messages                            ; Off                ; Off                ;
; Number of Removed Registers Reported in Synthesis Report                   ; 5000               ; 5000               ;
; Number of Swept Nodes Reported in Synthesis Report                         ; 5000               ; 5000               ;
; Number of Inverted Registers Reported in Synthesis Report                  ; 100                ; 100                ;
; Clock MUX Protection                                                       ; On                 ; On                 ;
; Auto Gated Clock Conversion                                                ; Off                ; Off                ;
; Block Design Naming                                                        ; Auto               ; Auto               ;
; SDC constraint protection                                                  ; Off                ; Off                ;
; Synthesis Effort                                                           ; Auto               ; Auto               ;
; Shift Register Replacement - Allow Asynchronous Clear Signal               ; On                 ; On                 ;
; Pre-Mapping Resynthesis Optimization                                       ; Off                ; Off                ;
; Analysis & Synthesis Message Level                                         ; Medium             ; Medium             ;
; Disable Register Merging Across Hierarchies                                ; Auto               ; Auto               ;
; Resource Aware Inference For Block RAM                                     ; On                 ; On                 ;
; Synthesis Seed                                                             ; 1                  ; 1                  ;
+----------------------------------------------------------------------------+--------------------+--------------------+


Parallel compilation was disabled, but you have multiple processors available. Enable parallel compilation to reduce compilation time.
+-------------------------------------+
; Parallel Compilation                ;
+----------------------------+--------+
; Processors                 ; Number ;
+----------------------------+--------+
; Number detected on machine ; 12     ;
; Maximum allowed            ; 1      ;
+----------------------------+--------+


+------------------------------------------------------------------------------------------------------------------------------------------------------------------------------------+
; Analysis & Synthesis Source Files Read                                                                                                                                             ;
+----------------------------------+-----------------+-----------------+---------------------------------------------------------------------------------------------------+---------+
; File Name with User-Entered Path ; Used in Netlist ; File Type       ; File Name with Absolute Path                                                                      ; Library ;
+----------------------------------+-----------------+-----------------+---------------------------------------------------------------------------------------------------+---------+
; calculadora.vhd                  ; yes             ; User VHDL File  ; C:/Users/Frank/OneDrive/햞ea de Trabalho/CD/cd_labs/cd-labs/lab6/Calculadora ALU/calculadora.vhd  ;         ;
; alu.vhd                          ; yes             ; User VHDL File  ; C:/Users/Frank/OneDrive/햞ea de Trabalho/CD/cd_labs/cd-labs/lab6/Calculadora ALU/alu.vhd          ;         ;
; ffd.vhd                          ; yes             ; User VHDL File  ; C:/Users/Frank/OneDrive/햞ea de Trabalho/CD/cd_labs/cd-labs/lab6/Calculadora ALU/ffd.vhd          ;         ;
; reg_6.vhd                        ; yes             ; User VHDL File  ; C:/Users/Frank/OneDrive/햞ea de Trabalho/CD/cd_labs/cd-labs/lab6/Calculadora ALU/reg_6.vhd        ;         ;
; sum_6.vhd                        ; yes             ; User VHDL File  ; C:/Users/Frank/OneDrive/햞ea de Trabalho/CD/cd_labs/cd-labs/lab6/Calculadora ALU/sum_6.vhd        ;         ;
; full_adder_6.vhd                 ; yes             ; User VHDL File  ; C:/Users/Frank/OneDrive/햞ea de Trabalho/CD/cd_labs/cd-labs/lab6/Calculadora ALU/full_adder_6.vhd ;         ;
; full_adder.vhd                   ; yes             ; User VHDL File  ; C:/Users/Frank/OneDrive/햞ea de Trabalho/CD/cd_labs/cd-labs/lab6/Calculadora ALU/full_adder.vhd   ;         ;
; abext.vhd                        ; yes             ; User VHDL File  ; C:/Users/Frank/OneDrive/햞ea de Trabalho/CD/cd_labs/cd-labs/lab6/Calculadora ALU/abext.vhd        ;         ;
; cinext.vhd                       ; yes             ; User VHDL File  ; C:/Users/Frank/OneDrive/햞ea de Trabalho/CD/cd_labs/cd-labs/lab6/Calculadora ALU/cinext.vhd       ;         ;
; extensor_al.vhd                  ; yes             ; User VHDL File  ; C:/Users/Frank/OneDrive/햞ea de Trabalho/CD/cd_labs/cd-labs/lab6/Calculadora ALU/extensor_al.vhd  ;         ;
+----------------------------------+-----------------+-----------------+---------------------------------------------------------------------------------------------------+---------+


+-----------------------------------------------------+
; Analysis & Synthesis Resource Usage Summary         ;
+---------------------------------------------+-------+
; Resource                                    ; Usage ;
+---------------------------------------------+-------+
; Estimated Total logic elements              ; 35    ;
;                                             ;       ;
; Total combinational functions               ; 35    ;
; Logic element usage by number of LUT inputs ;       ;
;     -- 4 input functions                    ; 21    ;
;     -- 3 input functions                    ; 13    ;
;     -- <=2 input functions                  ; 1     ;
;                                             ;       ;
; Logic elements by mode                      ;       ;
;     -- normal mode                          ; 35    ;
;     -- arithmetic mode                      ; 0     ;
;                                             ;       ;
; Total registers                             ; 6     ;
;     -- Dedicated logic registers            ; 6     ;
;     -- I/O registers                        ; 0     ;
;                                             ;       ;
; I/O pins                                    ; 23    ;
; Embedded Multiplier 9-bit elements          ; 0     ;
; Maximum fan-out node                        ; z     ;
; Maximum fan-out                             ; 19    ;
; Total fan-out                               ; 149   ;
; Average fan-out                             ; 2.33  ;
+---------------------------------------------+-------+


+------------------------------------------------------------------------------------------------------------------------------------------------------------------------------------------------------------------------------------------------------------------------+
; Analysis & Synthesis Resource Utilization by Entity                                                                                                                                                                                                                    ;
+------------------------------------------------+-------------------+--------------+-------------+--------------+---------+-----------+------+--------------+--------------------------------------------------------------------------------------------+--------------+
; Compilation Hierarchy Node                     ; LC Combinationals ; LC Registers ; Memory Bits ; DSP Elements ; DSP 9x9 ; DSP 18x18 ; Pins ; Virtual Pins ; Full Hierarchy Name                                                                        ; Library Name ;
+------------------------------------------------+-------------------+--------------+-------------+--------------+---------+-----------+------+--------------+--------------------------------------------------------------------------------------------+--------------+
; |calculadora                                   ; 35 (0)            ; 6 (0)        ; 0           ; 0            ; 0       ; 0         ; 23   ; 0            ; |calculadora                                                                               ; work         ;
;    |alu:alu0|                                  ; 28 (0)            ; 0 (0)        ; 0           ; 0            ; 0       ; 0         ; 0    ; 0            ; |calculadora|alu:alu0                                                                      ; work         ;
;       |extensor_al:extensor_al0|               ; 18 (0)            ; 0 (0)        ; 0           ; 0            ; 0       ; 0         ; 0    ; 0            ; |calculadora|alu:alu0|extensor_al:extensor_al0                                             ; work         ;
;          |abext:abext1|                        ; 3 (3)             ; 0 (0)        ; 0           ; 0            ; 0       ; 0         ; 0    ; 0            ; |calculadora|alu:alu0|extensor_al:extensor_al0|abext:abext1                                ; work         ;
;          |abext:abext2|                        ; 3 (3)             ; 0 (0)        ; 0           ; 0            ; 0       ; 0         ; 0    ; 0            ; |calculadora|alu:alu0|extensor_al:extensor_al0|abext:abext2                                ; work         ;
;          |abext:abext3|                        ; 3 (3)             ; 0 (0)        ; 0           ; 0            ; 0       ; 0         ; 0    ; 0            ; |calculadora|alu:alu0|extensor_al:extensor_al0|abext:abext3                                ; work         ;
;          |abext:abext4|                        ; 5 (5)             ; 0 (0)        ; 0           ; 0            ; 0       ; 0         ; 0    ; 0            ; |calculadora|alu:alu0|extensor_al:extensor_al0|abext:abext4                                ; work         ;
;          |abext:abext5|                        ; 4 (4)             ; 0 (0)        ; 0           ; 0            ; 0       ; 0         ; 0    ; 0            ; |calculadora|alu:alu0|extensor_al:extensor_al0|abext:abext5                                ; work         ;
;       |sum_6:sum_60|                           ; 10 (0)            ; 0 (0)        ; 0           ; 0            ; 0       ; 0         ; 0    ; 0            ; |calculadora|alu:alu0|sum_6:sum_60                                                         ; work         ;
;          |full_adder_6:inst0_full_adder_6bits| ; 10 (0)            ; 0 (0)        ; 0           ; 0            ; 0       ; 0         ; 0    ; 0            ; |calculadora|alu:alu0|sum_6:sum_60|full_adder_6:inst0_full_adder_6bits                     ; work         ;
;             |full_adder:inst0_fa|              ; 2 (2)             ; 0 (0)        ; 0           ; 0            ; 0       ; 0         ; 0    ; 0            ; |calculadora|alu:alu0|sum_6:sum_60|full_adder_6:inst0_full_adder_6bits|full_adder:inst0_fa ; work         ;
;             |full_adder:inst1_fa|              ; 2 (2)             ; 0 (0)        ; 0           ; 0            ; 0       ; 0         ; 0    ; 0            ; |calculadora|alu:alu0|sum_6:sum_60|full_adder_6:inst0_full_adder_6bits|full_adder:inst1_fa ; work         ;
;             |full_adder:inst2_fa|              ; 2 (2)             ; 0 (0)        ; 0           ; 0            ; 0       ; 0         ; 0    ; 0            ; |calculadora|alu:alu0|sum_6:sum_60|full_adder_6:inst0_full_adder_6bits|full_adder:inst2_fa ; work         ;
;             |full_adder:inst3_fa|              ; 2 (2)             ; 0 (0)        ; 0           ; 0            ; 0       ; 0         ; 0    ; 0            ; |calculadora|alu:alu0|sum_6:sum_60|full_adder_6:inst0_full_adder_6bits|full_adder:inst3_fa ; work         ;
;             |full_adder:inst4_fa|              ; 1 (1)             ; 0 (0)        ; 0           ; 0            ; 0       ; 0         ; 0    ; 0            ; |calculadora|alu:alu0|sum_6:sum_60|full_adder_6:inst0_full_adder_6bits|full_adder:inst4_fa ; work         ;
;             |full_adder:inst5_fa|              ; 1 (1)             ; 0 (0)        ; 0           ; 0            ; 0       ; 0         ; 0    ; 0            ; |calculadora|alu:alu0|sum_6:sum_60|full_adder_6:inst0_full_adder_6bits|full_adder:inst5_fa ; work         ;
;    |reg_6:reg_60|                              ; 7 (0)             ; 6 (0)        ; 0           ; 0            ; 0       ; 0         ; 0    ; 0            ; |calculadora|reg_6:reg_60                                                                  ; work         ;
;       |ffd:inst0|                              ; 3 (3)             ; 1 (1)        ; 0           ; 0            ; 0       ; 0         ; 0    ; 0            ; |calculadora|reg_6:reg_60|ffd:inst0                                                        ; work         ;
;       |ffd:inst1|                              ; 1 (1)             ; 1 (1)        ; 0           ; 0            ; 0       ; 0         ; 0    ; 0            ; |calculadora|reg_6:reg_60|ffd:inst1                                                        ; work         ;
;       |ffd:inst2|                              ; 1 (1)             ; 1 (1)        ; 0           ; 0            ; 0       ; 0         ; 0    ; 0            ; |calculadora|reg_6:reg_60|ffd:inst2                                                        ; work         ;
;       |ffd:inst3|                              ; 1 (1)             ; 1 (1)        ; 0           ; 0            ; 0       ; 0         ; 0    ; 0            ; |calculadora|reg_6:reg_60|ffd:inst3                                                        ; work         ;
;       |ffd:inst4|                              ; 1 (1)             ; 1 (1)        ; 0           ; 0            ; 0       ; 0         ; 0    ; 0            ; |calculadora|reg_6:reg_60|ffd:inst4                                                        ; work         ;
;       |ffd:inst5|                              ; 0 (0)             ; 1 (1)        ; 0           ; 0            ; 0       ; 0         ; 0    ; 0            ; |calculadora|reg_6:reg_60|ffd:inst5                                                        ; work         ;
+------------------------------------------------+-------------------+--------------+-------------+--------------+---------+-----------+------+--------------+--------------------------------------------------------------------------------------------+--------------+
Note: For table entries with two numbers listed, the numbers in parentheses indicate the number of resources of the given type used by the specific entity alone. The numbers listed outside of parentheses indicate the total resources of the given type used by the specific entity and all of its sub-entities in the hierarchy.


+------------------------------------------------------+
; General Register Statistics                          ;
+----------------------------------------------+-------+
; Statistic                                    ; Value ;
+----------------------------------------------+-------+
; Total registers                              ; 6     ;
; Number of registers using Synchronous Clear  ; 0     ;
; Number of registers using Synchronous Load   ; 0     ;
; Number of registers using Asynchronous Clear ; 0     ;
; Number of registers using Asynchronous Load  ; 0     ;
; Number of registers using Clock Enable       ; 6     ;
; Number of registers using Preset             ; 0     ;
+----------------------------------------------+-------+


+--------------------------------------------------------------------+
; Parameter Settings for User Entity Instance: alu:alu0|sum_6:sum_60 ;
+----------------+-------+-------------------------------------------+
; Parameter Name ; Value ; Type                                      ;
+----------------+-------+-------------------------------------------+
; tam            ; 5     ; Signed Integer                            ;
+----------------+-------+-------------------------------------------+
Note: In order to hide this table in the UI and the text report file, please set the "Show Parameter Settings in Synthesis Report" option in "Analysis and Synthesis Settings -> More Settings" to "Off".


+--------------------------------------------------------------------------------------------------------+
; Parameter Settings for User Entity Instance: alu:alu0|sum_6:sum_60|full_adder_6:inst0_full_adder_6bits ;
+----------------+-------+-------------------------------------------------------------------------------+
; Parameter Name ; Value ; Type                                                                          ;
+----------------+-------+-------------------------------------------------------------------------------+
; tam            ; 5     ; Signed Integer                                                                ;
+----------------+-------+-------------------------------------------------------------------------------+
Note: In order to hide this table in the UI and the text report file, please set the "Show Parameter Settings in Synthesis Report" option in "Analysis and Synthesis Settings -> More Settings" to "Off".


+----------------------------------------------------------------------------------------------------------------------------+
; Parameter Settings for User Entity Instance: alu:alu0|sum_6:sum_60|full_adder_6:inst0_full_adder_6bits|full_adder:inst0_fa ;
+----------------+-------+---------------------------------------------------------------------------------------------------+
; Parameter Name ; Value ; Type                                                                                              ;
+----------------+-------+---------------------------------------------------------------------------------------------------+
; tam            ; 5     ; Signed Integer                                                                                    ;
+----------------+-------+---------------------------------------------------------------------------------------------------+
Note: In order to hide this table in the UI and the text report file, please set the "Show Parameter Settings in Synthesis Report" option in "Analysis and Synthesis Settings -> More Settings" to "Off".


+----------------------------------------------------------------------------------------------------------------------------+
; Parameter Settings for User Entity Instance: alu:alu0|sum_6:sum_60|full_adder_6:inst0_full_adder_6bits|full_adder:inst1_fa ;
+----------------+-------+---------------------------------------------------------------------------------------------------+
; Parameter Name ; Value ; Type                                                                                              ;
+----------------+-------+---------------------------------------------------------------------------------------------------+
; tam            ; 5     ; Signed Integer                                                                                    ;
+----------------+-------+---------------------------------------------------------------------------------------------------+
Note: In order to hide this table in the UI and the text report file, please set the "Show Parameter Settings in Synthesis Report" option in "Analysis and Synthesis Settings -> More Settings" to "Off".


+----------------------------------------------------------------------------------------------------------------------------+
; Parameter Settings for User Entity Instance: alu:alu0|sum_6:sum_60|full_adder_6:inst0_full_adder_6bits|full_adder:inst2_fa ;
+----------------+-------+---------------------------------------------------------------------------------------------------+
; Parameter Name ; Value ; Type                                                                                              ;
+----------------+-------+---------------------------------------------------------------------------------------------------+
; tam            ; 5     ; Signed Integer                                                                                    ;
+----------------+-------+---------------------------------------------------------------------------------------------------+
Note: In order to hide this table in the UI and the text report file, please set the "Show Parameter Settings in Synthesis Report" option in "Analysis and Synthesis Settings -> More Settings" to "Off".


+----------------------------------------------------------------------------------------------------------------------------+
; Parameter Settings for User Entity Instance: alu:alu0|sum_6:sum_60|full_adder_6:inst0_full_adder_6bits|full_adder:inst3_fa ;
+----------------+-------+---------------------------------------------------------------------------------------------------+
; Parameter Name ; Value ; Type                                                                                              ;
+----------------+-------+---------------------------------------------------------------------------------------------------+
; tam            ; 5     ; Signed Integer                                                                                    ;
+----------------+-------+---------------------------------------------------------------------------------------------------+
Note: In order to hide this table in the UI and the text report file, please set the "Show Parameter Settings in Synthesis Report" option in "Analysis and Synthesis Settings -> More Settings" to "Off".


+----------------------------------------------------------------------------------------------------------------------------+
; Parameter Settings for User Entity Instance: alu:alu0|sum_6:sum_60|full_adder_6:inst0_full_adder_6bits|full_adder:inst4_fa ;
+----------------+-------+---------------------------------------------------------------------------------------------------+
; Parameter Name ; Value ; Type                                                                                              ;
+----------------+-------+---------------------------------------------------------------------------------------------------+
; tam            ; 5     ; Signed Integer                                                                                    ;
+----------------+-------+---------------------------------------------------------------------------------------------------+
Note: In order to hide this table in the UI and the text report file, please set the "Show Parameter Settings in Synthesis Report" option in "Analysis and Synthesis Settings -> More Settings" to "Off".


+----------------------------------------------------------------------------------------------------------------------------+
; Parameter Settings for User Entity Instance: alu:alu0|sum_6:sum_60|full_adder_6:inst0_full_adder_6bits|full_adder:inst5_fa ;
+----------------+-------+---------------------------------------------------------------------------------------------------+
; Parameter Name ; Value ; Type                                                                                              ;
+----------------+-------+---------------------------------------------------------------------------------------------------+
; tam            ; 5     ; Signed Integer                                                                                    ;
+----------------+-------+---------------------------------------------------------------------------------------------------+
Note: In order to hide this table in the UI and the text report file, please set the "Show Parameter Settings in Synthesis Report" option in "Analysis and Synthesis Settings -> More Settings" to "Off".


+---------------------------------------------------------------------------------------------------------------------+
; Port Connectivity Checks: "reg_6:reg_60"                                                                            ;
+-----------+--------+----------+-------------------------------------------------------------------------------------+
; Port      ; Type   ; Severity ; Details                                                                             ;
+-----------+--------+----------+-------------------------------------------------------------------------------------+
; q_bar_reg ; Output ; Info     ; Connected to dangling logic. Logic that only feeds a dangling port will be removed. ;
+-----------+--------+----------+-------------------------------------------------------------------------------------+


+----------------------------------------------------------------------------------------------------------------+
; Port Connectivity Checks: "alu:alu0|sum_6:sum_60"                                                              ;
+------+--------+----------+-------------------------------------------------------------------------------------+
; Port ; Type   ; Severity ; Details                                                                             ;
+------+--------+----------+-------------------------------------------------------------------------------------+
; co   ; Output ; Info     ; Connected to dangling logic. Logic that only feeds a dangling port will be removed. ;
+------+--------+----------+-------------------------------------------------------------------------------------+


+-------------------------------+
; Elapsed Time Per Partition    ;
+----------------+--------------+
; Partition Name ; Elapsed Time ;
+----------------+--------------+
; Top            ; 00:00:00     ;
+----------------+--------------+


+-------------------------------+
; Analysis & Synthesis Messages ;
+-------------------------------+
Info: *******************************************************************
Info: Running Quartus II 64-Bit Analysis & Synthesis
    Info: Version 13.0.1 Build 232 06/12/2013 Service Pack 1 SJ Web Edition
    Info: Processing started: Fri Jun 23 19:55:48 2023
Info: Command: quartus_map --read_settings_files=on --write_settings_files=off calculadora -c calculadora
Warning (20028): Parallel compilation is not licensed and has been disabled
Info (12021): Found 2 design units, including 1 entities, in source file calculadora.vhd
    Info (12022): Found design unit 1: calculadora-rtl
    Info (12023): Found entity 1: calculadora
Info (12021): Found 2 design units, including 1 entities, in source file alu.vhd
    Info (12022): Found design unit 1: alu-rtl
    Info (12023): Found entity 1: alu
Info (12021): Found 2 design units, including 1 entities, in source file ffd.vhd
    Info (12022): Found design unit 1: ffd-behav
    Info (12023): Found entity 1: ffd
Info (12021): Found 2 design units, including 1 entities, in source file reg_6.vhd
    Info (12022): Found design unit 1: reg_6-behav
    Info (12023): Found entity 1: reg_6
Info (12021): Found 2 design units, including 1 entities, in source file sum_6.vhd
    Info (12022): Found design unit 1: sum_6-comp
    Info (12023): Found entity 1: sum_6
Info (12021): Found 2 design units, including 1 entities, in source file full_adder_6.vhd
    Info (12022): Found design unit 1: full_adder_6-comp
    Info (12023): Found entity 1: full_adder_6
Info (12021): Found 2 design units, including 1 entities, in source file full_adder.vhd
    Info (12022): Found design unit 1: full_adder-behav
    Info (12023): Found entity 1: full_adder
Info (12021): Found 2 design units, including 1 entities, in source file abext.vhd
    Info (12022): Found design unit 1: abext-arc
    Info (12023): Found entity 1: abext
Info (12021): Found 2 design units, including 1 entities, in source file cinext.vhd
    Info (12022): Found design unit 1: cinext-arc
    Info (12023): Found entity 1: cinext
Info (12021): Found 2 design units, including 1 entities, in source file extensor_al.vhd
    Info (12022): Found design unit 1: extensor_al-rtl
    Info (12023): Found entity 1: extensor_al
Info (12127): Elaborating entity "calculadora" for the top level hierarchy
Info (12128): Elaborating entity "alu" for hierarchy "alu:alu0"
Info (12128): Elaborating entity "extensor_al" for hierarchy "alu:alu0|extensor_al:extensor_al0"
Info (12128): Elaborating entity "abext" for hierarchy "alu:alu0|extensor_al:extensor_al0|abext:abext0"
Info (12128): Elaborating entity "cinext" for hierarchy "alu:alu0|extensor_al:extensor_al0|cinext:cinext0"
Info (12128): Elaborating entity "sum_6" for hierarchy "alu:alu0|sum_6:sum_60"
Info (12128): Elaborating entity "full_adder_6" for hierarchy "alu:alu0|sum_6:sum_60|full_adder_6:inst0_full_adder_6bits"
Info (12128): Elaborating entity "full_adder" for hierarchy "alu:alu0|sum_6:sum_60|full_adder_6:inst0_full_adder_6bits|full_adder:inst0_fa"
Info (12128): Elaborating entity "reg_6" for hierarchy "reg_6:reg_60"
Info (12128): Elaborating entity "ffd" for hierarchy "reg_6:reg_60|ffd:inst0"
Warning (10492): VHDL Process Statement warning at ffd.vhd(22): signal "load" is read inside the Process Statement but isn't in the Process Statement's sensitivity list
Warning (10492): VHDL Process Statement warning at ffd.vhd(25): signal "load" is read inside the Process Statement but isn't in the Process Statement's sensitivity list
Info (16010): Generating hard_block partition "hard_block:auto_generated_inst"
    Info (16011): Adding 0 node(s), including 0 DDIO, 0 PLL, 0 transceiver and 0 LCELL
Info (21057): Implemented 58 device resources after synthesis - the final resource count might be different
    Info (21058): Implemented 17 input pins
    Info (21059): Implemented 6 output pins
    Info (21061): Implemented 35 logic cells
Info: Quartus II 64-Bit Analysis & Synthesis was successful. 0 errors, 3 warnings
    Info: Peak virtual memory: 4634 megabytes
    Info: Processing ended: Fri Jun 23 19:55:49 2023
    Info: Elapsed time: 00:00:01
    Info: Total CPU time (on all processors): 00:00:01


